Thu 07 Sep 2023 03:18:57 PM UTC: 
 tests:  0|6
total_score: 0/70
e93a407
Thu 07 Sep 2023 03:25:58 PM UTC: 
 hashmap.c | 8 ++++++++
 1 file changed, 8 insertions(+)
In file included from test.c:4:
hashmap.c: In function ‘createMap’:
hashmap.c:49:15: error: expected ‘;’ before ‘}’ token
   49 |     return map
      |               ^
      |               ;
   50 | }
      | ~              
At top level:
hashmap.c:43:11: error: ‘createMap’ defined but not used [-Werror=unused-function]
   43 | HashMap * createMap(long capacity) {
      |           ^~~~~~~~~
cc1: all warnings being treated as errors
Compilation failed
0c9df1e
Thu 07 Sep 2023 03:26:33 PM UTC: 
 hashmap.c | 2 +-
 1 file changed, 1 insertion(+), 1 deletion(-)
In file included from test.c:4:
hashmap.c:42:11: error: ‘createMap’ defined but not used [-Werror=unused-function]
   42 | HashMap * createMap(long capacity) {
      |           ^~~~~~~~~
cc1: all warnings being treated as errors
Compilation failed
10f0a66
Thu 07 Sep 2023 03:34:29 PM UTC: 
 hashmap.c | 30 +++++++++++++++++++++++-------
 1 file changed, 23 insertions(+), 7 deletions(-)
In file included from test.c:4:
hashmap.c:43:6: error: ‘insertMap’ defined but not used [-Werror=unused-function]
   43 | void insertMap(HashMap * map, char * key, void * value) {
      |      ^~~~~~~~~
cc1: all warnings being treated as errors
Compilation failed
78add91
Thu 07 Sep 2023 03:34:47 PM UTC: 
 hashmap.c | 1 -
 1 file changed, 1 deletion(-)
In file included from test.c:4:
hashmap.c:67:1: error: expected identifier or ‘(’ before ‘}’ token
   67 | }
      | ^
Compilation failed
bc6e35b
Thu 07 Sep 2023 03:34:59 PM UTC: 
 hashmap.c | 2 --
 1 file changed, 2 deletions(-)
 tests:  4|5
total_score: 20/70
2709405
Thu 07 Sep 2023 03:42:56 PM UTC: 
 hashmap.c | 8 ++++++++
 1 file changed, 8 insertions(+)
In file included from test.c:4:
hashmap.c:68:11: error: ‘createMap’ defined but not used [-Werror=unused-function]
   68 | HashMap * createMap(long capacity) {
      |           ^~~~~~~~~
cc1: all warnings being treated as errors
Compilation failed
2c4d086
Thu 07 Sep 2023 04:00:59 PM UTC: 
 hashmap.c | 3 +++
 1 file changed, 3 insertions(+)
In file included from test.c:4:
hashmap.c:80:1: error: expected identifier or ‘(’ before ‘}’ token
   80 | }
      | ^
hashmap.c:83:11: error: redefinition of ‘createMap’
   83 | HashMap * createMap(long capacity) {
      |           ^~~~~~~~~
hashmap.c:70:13: note: previous definition of ‘createMap’ with type ‘HashMap *(long int)’ {aka ‘struct HashMap *(long int)’}
   70 |   HashMap * createMap(long capacity) {
      |             ^~~~~~~~~
Compilation failed
e249f33
Thu 07 Sep 2023 04:04:37 PM UTC: 
 hashmap.c | 6 ------
 1 file changed, 6 deletions(-)
 tests:  5|4
total_score: 30/70
1ab717f
Thu 07 Sep 2023 10:20:22 PM UTC: 
 hashmap.c | 14 ++++++++++++--
 1 file changed, 12 insertions(+), 2 deletions(-)
In file included from test.c:4:
hashmap.c: In function ‘searchMap’:
hashmap.c:91:21: error: statement with no effect [-Werror=unused-value]
   91 |     map->buckets[i] == NULL) return NULL;
      |                     ^
hashmap.c:91:28: error: expected ‘;’ before ‘)’ token
   91 |     map->buckets[i] == NULL) return NULL;
      |                            ^
hashmap.c:91:28: error: expected statement before ‘)’ token
cc1: all warnings being treated as errors
Compilation failed
0ba249f
Thu 07 Sep 2023 10:20:47 PM UTC: 
 hashmap.c | 2 +-
 1 file changed, 1 insertion(+), 1 deletion(-)
In file included from test.c:4:
hashmap.c: In function ‘searchMap’:
hashmap.c:91:21: error: statement with no effect [-Werror=unused-value]
   91 |     map->buckets[i] == NULL) return NULL;
      |                     ^
hashmap.c:91:28: error: expected ‘;’ before ‘)’ token
   91 |     map->buckets[i] == NULL) return NULL;
      |                            ^
hashmap.c:91:28: error: expected statement before ‘)’ token
hashmap.c:93:10: error: expected ‘(’ before ‘map’
   93 |       if map-> current= i;
      |          ^~~
      |          (
cc1: all warnings being treated as errors
Compilation failed
a708e5b
Thu 07 Sep 2023 10:22:13 PM UTC: 
 hashmap.c | 4 ++--
 1 file changed, 2 insertions(+), 2 deletions(-)
In file included from test.c:4:
hashmap.c: In function ‘searchMap’:
hashmap.c:91:8: error: expected ‘(’ before ‘map’
   91 |     if map->buckets[i] == NULL) return NULL;
      |        ^~~
      |        (
hashmap.c:91:20: error: statement with no effect [-Werror=unused-value]
   91 |     if map->buckets[i] == NULL) return NULL;
      |        ~~~~~~~~~~~~^~~
hashmap.c:91:5: error: this ‘if’ clause does not guard... [-Werror=misleading-indentation]
   91 |     if map->buckets[i] == NULL) return NULL;
      |     ^~
hashmap.c:91:31: note: ...this statement, but the latter is misleadingly indented as if it were guarded by the ‘if’
   91 |     if map->buckets[i] == NULL) return NULL;
      |                               ^
hashmap.c:91:31: error: expected statement before ‘)’ token
cc1: all warnings being treated as errors
Compilation failed
434e781
Thu 07 Sep 2023 10:23:23 PM UTC: 
 hashmap.c | 2 +-
 1 file changed, 1 insertion(+), 1 deletion(-)
 tests:  8|3
total_score: 40/70
294c063
Thu 07 Sep 2023 10:49:12 PM UTC: 
 hashmap.c | 2 +-
 1 file changed, 1 insertion(+), 1 deletion(-)
In file included from test.c:4:
hashmap.c: In function ‘eraseMap’:
hashmap.c:85:1: error: expected ‘,’ or ‘;’ before ‘}’ token
   85 | }
      | ^
test.c:453:5: error: ‘main’ is normally a non-static function [-Werror=main]
  453 | int main( int argc, char *argv[] ) {
      |     ^~~~
test.c:511:1: error: expected declaration or statement at end of input
  511 | }
      | ^
In file included from test.c:4:
hashmap.c:83:9: error: unused variable ‘pair’ [-Werror=unused-variable]
   83 |   Pair* pair = searchMap(map,key)
      |         ^~~~
At top level:
test.c:453:5: error: ‘main’ defined but not used [-Werror=unused-function]
  453 | int main( int argc, char *argv[] ) {
      |     ^~~~
test.c:217:5: error: ‘insert_test5’ defined but not used [-Werror=unused-function]
  217 | int insert_test5(){ //factor de carga>0.7, se llama a función enlarge
      |     ^~~~~~~~~~~~
test.c:131:6: error: ‘compare_test’ defined but not used [-Werror=unused-function]
  131 | void compare_test(){
      |      ^~~~~~~~~~~~
test.c:125:6: error: ‘hash_test3’ defined but not used [-Werror=unused-function]
  125 | void hash_test3(){ //no random
      |      ^~~~~~~~~~
test.c:111:6: error: ‘hash_test2’ defined but not used [-Werror=unused-function]
  111 | void hash_test2(){ // colisiones
      |      ^~~~~~~~~~
test.c:100:6: error: ‘hash_test1’ defined but not used [-Werror=unused-function]
  100 | void hash_test1(){ // posición válida
      |      ^~~~~~~~~~
cc1: all warnings being treated as errors
Compilation failed
0be5259
Thu 07 Sep 2023 10:49:25 PM UTC: 
 hashmap.c | 2 +-
 1 file changed, 1 insertion(+), 1 deletion(-)
In file included from test.c:4:
hashmap.c: In function ‘eraseMap’:
hashmap.c:83:9: error: unused variable ‘pair’ [-Werror=unused-variable]
   83 |   Pair* pair = searchMap(map,key);
      |         ^~~~
cc1: all warnings being treated as errors
Compilation failed
cda2617
Thu 07 Sep 2023 10:51:02 PM UTC: 
 hashmap.c | 5 +++++
 1 file changed, 5 insertions(+)
In file included from test.c:4:
hashmap.c: In function ‘eraseMap’:
hashmap.c:84:4: error: expected ‘(’ before ‘pair’
   84 | if pair != NULL;
      |    ^~~~
      |    (
hashmap.c:84:4: error: statement with no effect [-Werror=unused-value]
   84 | if pair != NULL;
      |    ^~~~
hashmap.c:85:7: error: expected identifier or ‘(’ before ‘->’ token
   85 |   Pair-> key == NULL;
      |       ^~
hashmap.c:86:7: error: statement with no effect [-Werror=unused-value]
   86 |   map -> size ;
      |   ~~~~^~~~~~~
cc1: all warnings being treated as errors
Compilation failed
3faacb4
Thu 07 Sep 2023 10:51:55 PM UTC: 
 hashmap.c | 9 ++++-----
 1 file changed, 4 insertions(+), 5 deletions(-)
In file included from test.c:4:
hashmap.c: In function ‘eraseMap’:
hashmap.c:84:4: error: expected ‘(’ before ‘pair’
   84 | if pair != NULL;{
      |    ^~~~
      |    (
hashmap.c:84:4: error: statement with no effect [-Werror=unused-value]
   84 | if pair != NULL;{
      |    ^~~~
hashmap.c:84:1: error: this ‘if’ clause does not guard... [-Werror=misleading-indentation]
   84 | if pair != NULL;{
      | ^~
hashmap.c:84:17: note: ...this statement, but the latter is misleadingly indented as if it were guarded by the ‘if’
   84 | if pair != NULL;{
      |                 ^
hashmap.c:86:7: error: expected identifier or ‘(’ before ‘->’ token
   86 |   Pair-> key == NULL;
      |       ^~
cc1: all warnings being treated as errors
Compilation failed
7e2c927
Thu 07 Sep 2023 10:52:59 PM UTC: 
 hashmap.c | 2 +-
 1 file changed, 1 insertion(+), 1 deletion(-)
In file included from test.c:4:
hashmap.c: In function ‘eraseMap’:
hashmap.c:86:8: error: expected identifier or ‘(’ before ‘->’ token
   86 |   Pair -> key == NULL;
      |        ^~
Compilation failed
38c0e06
Thu 07 Sep 2023 10:53:23 PM UTC: 
 hashmap.c | 2 +-
 1 file changed, 1 insertion(+), 1 deletion(-)
In file included from test.c:4:
hashmap.c: In function ‘eraseMap’:
hashmap.c:86:7: error: expected identifier or ‘(’ before ‘->’ token
   86 |   Pair->key= NULL;
      |       ^~
Compilation failed
d9cd3fd
Thu 07 Sep 2023 10:53:57 PM UTC: 
 hashmap.c | 3 +--
 1 file changed, 1 insertion(+), 2 deletions(-)
 tests:  11|2
total_score: 50/70
d1d0cbc
Thu 07 Sep 2023 11:51:38 PM UTC: 
 hashmap.c | 17 +++++++++++++++++
 1 file changed, 17 insertions(+)
In file included from test.c:4:
hashmap.c: In function ‘firstMap’:
hashmap.c:109:28: error: ‘*(map->buckets + (sizetype)((long unsigned int)i * 8))’ is a pointer; did you mean to use ‘->’?
  109 |         if (map->buckets[i].key != NULL) {
      |                            ^
      |                            ->
hashmap.c:111:20: error: returning ‘Pair **’ from a function with incompatible return type ‘Pair *’ [-Werror=incompatible-pointer-types]
  111 |             return &(map->buckets[i]);
      |                    ^~~~~~~~~~~~~~~~~~
hashmap.c: In function ‘nextMap’:
hashmap.c:120:28: error: ‘*(map->buckets + (sizetype)((long unsigned int)i * 8))’ is a pointer; did you mean to use ‘->’?
  120 |         if (map->buckets[i].key != NULL) {
      |                            ^
      |                            ->
hashmap.c: At top level:
hashmap.c:128:8: error: redefinition of ‘nextMap’
  128 | Pair * nextMap(HashMap * map) {
      |        ^~~~~~~
hashmap.c:117:8: note: previous definition of ‘nextMap’ with type ‘Pair *(HashMap *)’ {aka ‘Pair *(struct HashMap *)’}
  117 | Pair * nextMap(HashMap * map) {
      |        ^~~~~~~
cc1: all warnings being treated as errors
Compilation failed
b21ef2c
Thu 07 Sep 2023 11:53:45 PM UTC: 
 hashmap.c | 2 +-
 1 file changed, 1 insertion(+), 1 deletion(-)
In file included from test.c:4:
hashmap.c: In function ‘firstMap’:
hashmap.c:109:28: error: ‘*(map->buckets + (sizetype)((long unsigned int)i * 8))’ is a pointer; did you mean to use ‘->’?
  109 |         if (map->buckets[i].key != NULL) {
      |                            ^
      |                            ->
hashmap.c:111:20: error: returning ‘Pair **’ from a function with incompatible return type ‘Pair *’ [-Werror=incompatible-pointer-types]
  111 |             return &(map->buckets[i]);
      |                    ^~~~~~~~~~~~~~~~~~
hashmap.c: In function ‘nextMap’:
hashmap.c:120:28: error: ‘*(map->buckets + (sizetype)((long unsigned int)i * 8))’ is a pointer; did you mean to use ‘->’?
  120 |         if (map->buckets[i].key != NULL) {
      |                            ^
      |                            ->
hashmap.c:122:20: error: implicit declaration of function ‘NUOL’; did you mean ‘NULL’? [-Werror=implicit-function-declaration]
  122 |             return NUOL (map->buckets[i]);
      |                    ^~~~
      |                    NULL
hashmap.c:122:20: error: returning ‘int’ from a function with return type ‘Pair *’ makes pointer from integer without a cast [-Werror=int-conversion]
  122 |             return NUOL (map->buckets[i]);
      |                    ^~~~~~~~~~~~~~~~~~~~~~
hashmap.c: At top level:
hashmap.c:128:8: error: redefinition of ‘nextMap’
  128 | Pair * nextMap(HashMap * map) {
      |        ^~~~~~~
hashmap.c:117:8: note: previous definition of ‘nextMap’ with type ‘Pair *(HashMap *)’ {aka ‘Pair *(struct HashMap *)’}
  117 | Pair * nextMap(HashMap * map) {
      |        ^~~~~~~
cc1: all warnings being treated as errors
Compilation failed
30da39b
Thu 07 Sep 2023 11:53:55 PM UTC: 
 hashmap.c | 2 +-
 1 file changed, 1 insertion(+), 1 deletion(-)
In file included from test.c:4:
hashmap.c: In function ‘firstMap’:
hashmap.c:109:28: error: ‘*(map->buckets + (sizetype)((long unsigned int)i * 8))’ is a pointer; did you mean to use ‘->’?
  109 |         if (map->buckets[i].key != NULL) {
      |                            ^
      |                            ->
hashmap.c:111:20: error: returning ‘Pair **’ from a function with incompatible return type ‘Pair *’ [-Werror=incompatible-pointer-types]
  111 |             return &(map->buckets[i]);
      |                    ^~~~~~~~~~~~~~~~~~
hashmap.c: In function ‘nextMap’:
hashmap.c:120:28: error: ‘*(map->buckets + (sizetype)((long unsigned int)i * 8))’ is a pointer; did you mean to use ‘->’?
  120 |         if (map->buckets[i].key != NULL) {
      |                            ^
      |                            ->
In file included from /nix/store/4pqv2mwdn88h7xvsm7a5zplrd8sxzvw0-glibc-2.35-163-dev/include/string.h:33,
                 from test.c:3:
hashmap.c:122:20: error: called object is not a function or function pointer
  122 |             return NULL (map->buckets[i]);
      |                    ^~~~
In file included from test.c:4:
hashmap.c: At top level:
hashmap.c:128:8: error: redefinition of ‘nextMap’
  128 | Pair * nextMap(HashMap * map) {
      |        ^~~~~~~
hashmap.c:117:8: note: previous definition of ‘nextMap’ with type ‘Pair *(HashMap *)’ {aka ‘Pair *(struct HashMap *)’}
  117 | Pair * nextMap(HashMap * map) {
      |        ^~~~~~~
cc1: all warnings being treated as errors
Compilation failed
dacb094
Thu 07 Sep 2023 11:55:14 PM UTC: 
 hashmap.c | 2 +-
 1 file changed, 1 insertion(+), 1 deletion(-)
In file included from test.c:4:
hashmap.c: In function ‘firstMap’:
hashmap.c:109:28: error: ‘*(map->buckets + (sizetype)((long unsigned int)i * 8))’ is a pointer; did you mean to use ‘->’?
  109 |         if (map->buckets[i].key != NULL) {
      |                            ^
      |                            ->
hashmap.c:111:20: error: returning ‘Pair **’ from a function with incompatible return type ‘Pair *’ [-Werror=incompatible-pointer-types]
  111 |             return &(map->buckets[i]);
      |                    ^~~~~~~~~~~~~~~~~~
hashmap.c: In function ‘nextMap’:
hashmap.c:120:28: error: ‘*(map->buckets + (sizetype)((long unsigned int)i * 8))’ is a pointer; did you mean to use ‘->’?
  120 |         if (map->buckets[i].key != NULL) {
      |                            ^
      |                            ->
hashmap.c:122:20: error: returning ‘Pair **’ from a function with incompatible return type ‘Pair *’ [-Werror=incompatible-pointer-types]
  122 |             return &(map->buckets[i]);
      |                    ^~~~~~~~~~~~~~~~~~
hashmap.c: At top level:
hashmap.c:128:8: error: redefinition of ‘nextMap’
  128 | Pair * nextMap(HashMap * map) {
      |        ^~~~~~~
hashmap.c:117:8: note: previous definition of ‘nextMap’ with type ‘Pair *(HashMap *)’ {aka ‘Pair *(struct HashMap *)’}
  117 | Pair * nextMap(HashMap * map) {
      |        ^~~~~~~
cc1: all warnings being treated as errors
Compilation failed
ddb88f7
Fri 08 Sep 2023 12:11:42 AM UTC: 
 hashmap.c | 3 ---
 1 file changed, 3 deletions(-)
In file included from test.c:4:
hashmap.c: In function ‘firstMap’:
hashmap.c:109:28: error: ‘*(map->buckets + (sizetype)((long unsigned int)i * 8))’ is a pointer; did you mean to use ‘->’?
  109 |         if (map->buckets[i].key != NULL) {
      |                            ^
      |                            ->
hashmap.c:111:20: error: returning ‘Pair **’ from a function with incompatible return type ‘Pair *’ [-Werror=incompatible-pointer-types]
  111 |             return &(map->buckets[i]);
      |                    ^~~~~~~~~~~~~~~~~~
hashmap.c: In function ‘nextMap’:
hashmap.c:120:28: error: ‘*(map->buckets + (sizetype)((long unsigned int)i * 8))’ is a pointer; did you mean to use ‘->’?
  120 |         if (map->buckets[i].key != NULL) {
      |                            ^
      |                            ->
hashmap.c:122:20: error: returning ‘Pair **’ from a function with incompatible return type ‘Pair *’ [-Werror=incompatible-pointer-types]
  122 |             return &(map->buckets[i]);
      |                    ^~~~~~~~~~~~~~~~~~
cc1: all warnings being treated as errors
Compilation failed
ffcfa42
Fri 08 Sep 2023 12:12:06 AM UTC: 
 hashmap.c | 3 +++
 1 file changed, 3 insertions(+)
In file included from test.c:4:
hashmap.c: In function ‘firstMap’:
hashmap.c:109:28: error: ‘*(map->buckets + (sizetype)((long unsigned int)i * 8))’ is a pointer; did you mean to use ‘->’?
  109 |         if (map->buckets[i].key != NULL) {
      |                            ^
      |                            ->
hashmap.c:111:20: error: returning ‘Pair **’ from a function with incompatible return type ‘Pair *’ [-Werror=incompatible-pointer-types]
  111 |             return &(map->buckets[i]);
      |                    ^~~~~~~~~~~~~~~~~~
hashmap.c: In function ‘nextMap’:
hashmap.c:120:28: error: ‘*(map->buckets + (sizetype)((long unsigned int)i * 8))’ is a pointer; did you mean to use ‘->’?
  120 |         if (map->buckets[i].key != NULL) {
      |                            ^
      |                            ->
hashmap.c:122:20: error: returning ‘Pair **’ from a function with incompatible return type ‘Pair *’ [-Werror=incompatible-pointer-types]
  122 |             return &(map->buckets[i]);
      |                    ^~~~~~~~~~~~~~~~~~
hashmap.c: At top level:
hashmap.c:128:8: error: redefinition of ‘nextMap’
  128 | Pair * nextMap(HashMap * map) {
      |        ^~~~~~~
hashmap.c:117:8: note: previous definition of ‘nextMap’ with type ‘Pair *(HashMap *)’ {aka ‘Pair *(struct HashMap *)’}
  117 | Pair * nextMap(HashMap * map) {
      |        ^~~~~~~
test.c: In function ‘nextMap’:
test.c:453:5: error: ‘main’ is normally a non-static function [-Werror=main]
  453 | int main( int argc, char *argv[] ) {
      |     ^~~~
test.c:511:1: error: expected declaration or statement at end of input
  511 | }
      | ^
At top level:
test.c:453:5: error: ‘main’ defined but not used [-Werror=unused-function]
  453 | int main( int argc, char *argv[] ) {
      |     ^~~~
test.c:217:5: error: ‘insert_test5’ defined but not used [-Werror=unused-function]
  217 | int insert_test5(){ //factor de carga>0.7, se llama a función enlarge
      |     ^~~~~~~~~~~~
test.c:131:6: error: ‘compare_test’ defined but not used [-Werror=unused-function]
  131 | void compare_test(){
      |      ^~~~~~~~~~~~
test.c:125:6: error: ‘hash_test3’ defined but not used [-Werror=unused-function]
  125 | void hash_test3(){ //no random
      |      ^~~~~~~~~~
test.c:111:6: error: ‘hash_test2’ defined but not used [-Werror=unused-function]
  111 | void hash_test2(){ // colisiones
      |      ^~~~~~~~~~
test.c:100:6: error: ‘hash_test1’ defined but not used [-Werror=unused-function]
  100 | void hash_test1(){ // posición válida
      |      ^~~~~~~~~~
cc1: all warnings being treated as errors
Compilation failed
07b7f0a
Fri 08 Sep 2023 12:13:03 AM UTC: 
 hashmap.c | 4 ----
 1 file changed, 4 deletions(-)
In file included from test.c:4:
hashmap.c: In function ‘firstMap’:
hashmap.c:109:28: error: ‘*(map->buckets + (sizetype)((long unsigned int)i * 8))’ is a pointer; did you mean to use ‘->’?
  109 |         if (map->buckets[i].key != NULL) {
      |                            ^
      |                            ->
hashmap.c:111:20: error: returning ‘Pair **’ from a function with incompatible return type ‘Pair *’ [-Werror=incompatible-pointer-types]
  111 |             return &(map->buckets[i]);
      |                    ^~~~~~~~~~~~~~~~~~
hashmap.c: In function ‘nextMap’:
hashmap.c:120:28: error: ‘*(map->buckets + (sizetype)((long unsigned int)i * 8))’ is a pointer; did you mean to use ‘->’?
  120 |         if (map->buckets[i].key != NULL) {
      |                            ^
      |                            ->
hashmap.c:122:20: error: returning ‘Pair **’ from a function with incompatible return type ‘Pair *’ [-Werror=incompatible-pointer-types]
  122 |             return &(map->buckets[i]);
      |                    ^~~~~~~~~~~~~~~~~~
cc1: all warnings being treated as errors
Compilation failed
4c64876
Fri 08 Sep 2023 12:13:09 AM UTC: 
 hashmap.c | 4 ++++
 1 file changed, 4 insertions(+)
In file included from test.c:4:
hashmap.c: In function ‘firstMap’:
hashmap.c:109:28: error: ‘*(map->buckets + (sizetype)((long unsigned int)i * 8))’ is a pointer; did you mean to use ‘->’?
  109 |         if (map->buckets[i].key != NULL) {
      |                            ^
      |                            ->
hashmap.c:111:20: error: returning ‘Pair **’ from a function with incompatible return type ‘Pair *’ [-Werror=incompatible-pointer-types]
  111 |             return &(map->buckets[i]);
      |                    ^~~~~~~~~~~~~~~~~~
hashmap.c: In function ‘nextMap’:
hashmap.c:120:28: error: ‘*(map->buckets + (sizetype)((long unsigned int)i * 8))’ is a pointer; did you mean to use ‘->’?
  120 |         if (map->buckets[i].key != NULL) {
      |                            ^
      |                            ->
hashmap.c:122:20: error: returning ‘Pair **’ from a function with incompatible return type ‘Pair *’ [-Werror=incompatible-pointer-types]
  122 |             return &(map->buckets[i]);
      |                    ^~~~~~~~~~~~~~~~~~
hashmap.c: At top level:
hashmap.c:128:8: error: redefinition of ‘nextMap’
  128 | Pair * nextMap(HashMap * map) {
      |        ^~~~~~~
hashmap.c:117:8: note: previous definition of ‘nextMap’ with type ‘Pair *(HashMap *)’ {aka ‘Pair *(struct HashMap *)’}
  117 | Pair * nextMap(HashMap * map) {
      |        ^~~~~~~
test.c: In function ‘nextMap’:
test.c:453:5: error: ‘main’ is normally a non-static function [-Werror=main]
  453 | int main( int argc, char *argv[] ) {
      |     ^~~~
test.c:511:1: error: expected declaration or statement at end of input
  511 | }
      | ^
At top level:
test.c:453:5: error: ‘main’ defined but not used [-Werror=unused-function]
  453 | int main( int argc, char *argv[] ) {
      |     ^~~~
test.c:217:5: error: ‘insert_test5’ defined but not used [-Werror=unused-function]
  217 | int insert_test5(){ //factor de carga>0.7, se llama a función enlarge
      |     ^~~~~~~~~~~~
test.c:131:6: error: ‘compare_test’ defined but not used [-Werror=unused-function]
  131 | void compare_test(){
      |      ^~~~~~~~~~~~
test.c:125:6: error: ‘hash_test3’ defined but not used [-Werror=unused-function]
  125 | void hash_test3(){ //no random
      |      ^~~~~~~~~~
test.c:111:6: error: ‘hash_test2’ defined but not used [-Werror=unused-function]
  111 | void hash_test2(){ // colisiones
      |      ^~~~~~~~~~
test.c:100:6: error: ‘hash_test1’ defined but not used [-Werror=unused-function]
  100 | void hash_test1(){ // posición válida
      |      ^~~~~~~~~~
cc1: all warnings being treated as errors
Compilation failed
5b22a45
Fri 08 Sep 2023 12:26:06 AM UTC: 
 hashmap.c | 2 +-
 1 file changed, 1 insertion(+), 1 deletion(-)
In file included from test.c:4:
hashmap.c: In function ‘firstMap’:
hashmap.c:109:28: error: ‘*(map->buckets + (sizetype)((long unsigned int)i * 8))’ is a pointer; did you mean to use ‘->’?
  109 |         if (map->buckets[i].key != NULL) {
      |                            ^
      |                            ->
hashmap.c:111:20: error: returning ‘Pair **’ from a function with incompatible return type ‘Pair *’ [-Werror=incompatible-pointer-types]
  111 |             return &(map->buckets[i]);
      |                    ^~~~~~~~~~~~~~~~~~
hashmap.c: In function ‘nextMap’:
hashmap.c:120:28: error: ‘*(map->buckets + (sizetype)((long unsigned int)i * 8))’ is a pointer; did you mean to use ‘->’?
  120 |         if (map->buckets[i].key != NULL) {
      |                            ^
      |                            ->
hashmap.c:122:20: error: returning ‘Pair **’ from a function with incompatible return type ‘Pair *’ [-Werror=incompatible-pointer-types]
  122 |             return &(map->buckets[i]);
      |                    ^~~~~~~~~~~~~~~~~~
hashmap.c: At top level:
hashmap.c:128:8: error: redefinition of ‘nextMap’
  128 | Pair * nextMap(HashMap * map) {
      |        ^~~~~~~
hashmap.c:117:8: note: previous definition of ‘nextMap’ with type ‘Pair *(HashMap *)’ {aka ‘Pair *(struct HashMap *)’}
  117 | Pair * nextMap(HashMap * map) {
      |        ^~~~~~~
cc1: all warnings being treated as errors
Compilation failed
c35b792
Fri 08 Sep 2023 12:28:44 AM UTC: 
 hashmap.c | 14 +++++++++++++-
 1 file changed, 13 insertions(+), 1 deletion(-)
In file included from test.c:4:
hashmap.c: In function ‘enlarge’:
hashmap.c:76:30: error: ‘Pair’ has no member named ‘next’
   76 |             current = current->next;
      |                              ^~
hashmap.c: In function ‘firstMap’:
hashmap.c:121:28: error: ‘*(map->buckets + (sizetype)((long unsigned int)i * 8))’ is a pointer; did you mean to use ‘->’?
  121 |         if (map->buckets[i].key != NULL) {
      |                            ^
      |                            ->
hashmap.c:123:20: error: returning ‘Pair **’ from a function with incompatible return type ‘Pair *’ [-Werror=incompatible-pointer-types]
  123 |             return &(map->buckets[i]);
      |                    ^~~~~~~~~~~~~~~~~~
hashmap.c: In function ‘nextMap’:
hashmap.c:132:28: error: ‘*(map->buckets + (sizetype)((long unsigned int)i * 8))’ is a pointer; did you mean to use ‘->’?
  132 |         if (map->buckets[i].key != NULL) {
      |                            ^
      |                            ->
hashmap.c:134:20: error: returning ‘Pair **’ from a function with incompatible return type ‘Pair *’ [-Werror=incompatible-pointer-types]
  134 |             return &(map->buckets[i]);
      |                    ^~~~~~~~~~~~~~~~~~
hashmap.c: At top level:
hashmap.c:140:8: error: redefinition of ‘nextMap’
  140 | Pair * nextMap(HashMap * map) {
      |        ^~~~~~~
hashmap.c:129:8: note: previous definition of ‘nextMap’ with type ‘Pair *(HashMap *)’ {aka ‘Pair *(struct HashMap *)’}
  129 | Pair * nextMap(HashMap * map) {
      |        ^~~~~~~
cc1: all warnings being treated as errors
Compilation failed
b0a9566
Fri 08 Sep 2023 12:38:36 AM UTC: 
 hashmap.c | 11 ++++++-----
 1 file changed, 6 insertions(+), 5 deletions(-)
In file included from test.c:4:
hashmap.c: In function ‘enlarge’:
hashmap.c:67:3: error: unknown type name ‘pair’; did you mean ‘Pair’?
   67 |   pair**old_buckets = map-> buckets;
      |   ^~~~
      |   Pair
hashmap.c:67:23: error: initialization of ‘int **’ from incompatible pointer type ‘Pair **’ [-Werror=incompatible-pointer-types]
   67 |   pair**old_buckets = map-> buckets;
      |                       ^~~
hashmap.c:72:21: error: initialization of ‘Pair *’ from incompatible pointer type ‘int *’ [-Werror=incompatible-pointer-types]
   72 |     Pair *current = old_buckets[i];
      |                     ^~~~~~~~~~~
hashmap.c:76:24: error: ‘Pair’ has no member named ‘next’
   76 |       current = current->next;
      |                        ^~
hashmap.c:78:1: error: stray ‘\302’ in program
   78 |         }
      | ^
hashmap.c:78:2: error: stray ‘\302’ in program
   78 |         }
      |  ^
hashmap.c:78:3: error: stray ‘\302’ in program
   78 |         }
      |   ^
hashmap.c:78:4: error: stray ‘\302’ in program
   78 |         }
      |    ^
hashmap.c:78:5: error: stray ‘\302’ in program
   78 |         }
      |     ^
hashmap.c:78:6: error: stray ‘\302’ in program
   78 |         }
      |      ^
hashmap.c:78:7: error: stray ‘\302’ in program
   78 |         }
      |       ^
hashmap.c:79:1: error: stray ‘\302’ in program
   79 |     }
      | ^
hashmap.c:79:2: error: stray ‘\302’ in program
   79 |     }
      |  ^
hashmap.c:79:3: error: stray ‘\302’ in program
   79 |     }
      |   ^
hashmap.c: In function ‘firstMap’:
hashmap.c:124:28: error: ‘*(map->buckets + (sizetype)((long unsigned int)i * 8))’ is a pointer; did you mean to use ‘->’?
  124 |         if (map->buckets[i].key != NULL) {
      |                            ^
      |                            ->
hashmap.c:126:20: error: returning ‘Pair **’ from a function with incompatible return type ‘Pair *’ [-Werror=incompatible-pointer-types]
  126 |             return &(map->buckets[i]);
      |                    ^~~~~~~~~~~~~~~~~~
hashmap.c: In function ‘nextMap’:
hashmap.c:135:28: error: ‘*(map->buckets + (sizetype)((long unsigned int)i * 8))’ is a pointer; did you mean to use ‘->’?
  135 |         if (map->buckets[i].key != NULL) {
      |                            ^
      |                            ->
hashmap.c:137:19: error: returning ‘Pair **’ from a function with incompatible return type ‘Pair *’ [-Werror=incompatible-pointer-types]
  137 |            return &(map->buckets[i]);
      |                   ^~~~~~~~~~~~~~~~~~
hashmap.c: At top level:
hashmap.c:143:8: error: redefinition of ‘nextMap’
  143 | Pair * nextMap(HashMap * map) {
      |        ^~~~~~~
hashmap.c:132:8: note: previous definition of ‘nextMap’ with type ‘Pair *(HashMap *)’ {aka ‘Pair *(struct HashMap *)’}
  132 | Pair * nextMap(HashMap * map) {
      |        ^~~~~~~
cc1: all warnings being treated as errors
Compilation failed
4d5cad3
Fri 08 Sep 2023 12:39:01 AM UTC: 
 hashmap.c | 2 +-
 1 file changed, 1 insertion(+), 1 deletion(-)
In file included from test.c:4:
hashmap.c: In function ‘enlarge’:
hashmap.c:67:3: error: unknown type name ‘pair’; did you mean ‘Pair’?
   67 |   pair**old_buckets = map-> buckets;
      |   ^~~~
      |   Pair
hashmap.c:67:23: error: initialization of ‘int **’ from incompatible pointer type ‘Pair **’ [-Werror=incompatible-pointer-types]
   67 |   pair**old_buckets = map-> buckets;
      |                       ^~~
hashmap.c:72:21: error: initialization of ‘Pair *’ from incompatible pointer type ‘int *’ [-Werror=incompatible-pointer-types]
   72 |     Pair *current = old_buckets[i];
      |                     ^~~~~~~~~~~
hashmap.c:76:24: error: ‘Pair’ has no member named ‘next’
   76 |       current = current->next;
      |                        ^~
hashmap.c:78:1: error: stray ‘\302’ in program
   78 |     }
      | ^
hashmap.c:78:2: error: stray ‘\302’ in program
   78 |     }
      |  ^
hashmap.c:78:3: error: stray ‘\302’ in program
   78 |     }
      |   ^
hashmap.c:78:4: error: stray ‘\302’ in program
   78 |     }
      |    ^
hashmap.c:79:1: error: stray ‘\302’ in program
   79 |     }
      | ^
hashmap.c:79:2: error: stray ‘\302’ in program
   79 |     }
      |  ^
hashmap.c:79:3: error: stray ‘\302’ in program
   79 |     }
      |   ^
hashmap.c: In function ‘firstMap’:
hashmap.c:124:28: error: ‘*(map->buckets + (sizetype)((long unsigned int)i * 8))’ is a pointer; did you mean to use ‘->’?
  124 |         if (map->buckets[i].key != NULL) {
      |                            ^
      |                            ->
hashmap.c:126:20: error: returning ‘Pair **’ from a function with incompatible return type ‘Pair *’ [-Werror=incompatible-pointer-types]
  126 |             return &(map->buckets[i]);
      |                    ^~~~~~~~~~~~~~~~~~
hashmap.c: In function ‘nextMap’:
hashmap.c:135:28: error: ‘*(map->buckets + (sizetype)((long unsigned int)i * 8))’ is a pointer; did you mean to use ‘->’?
  135 |         if (map->buckets[i].key != NULL) {
      |                            ^
      |                            ->
hashmap.c:137:19: error: returning ‘Pair **’ from a function with incompatible return type ‘Pair *’ [-Werror=incompatible-pointer-types]
  137 |            return &(map->buckets[i]);
      |                   ^~~~~~~~~~~~~~~~~~
hashmap.c: At top level:
hashmap.c:143:8: error: redefinition of ‘nextMap’
  143 | Pair * nextMap(HashMap * map) {
      |        ^~~~~~~
hashmap.c:132:8: note: previous definition of ‘nextMap’ with type ‘Pair *(HashMap *)’ {aka ‘Pair *(struct HashMap *)’}
  132 | Pair * nextMap(HashMap * map) {
      |        ^~~~~~~
cc1: all warnings being treated as errors
Compilation failed
5a2e870
Fri 08 Sep 2023 12:39:16 AM UTC: 
 hashmap.c | 4 ++--
 1 file changed, 2 insertions(+), 2 deletions(-)
In file included from test.c:4:
hashmap.c: In function ‘enlarge’:
hashmap.c:67:3: error: unknown type name ‘pair’; did you mean ‘Pair’?
   67 |   pair**old_buckets = map-> buckets;
      |   ^~~~
      |   Pair
hashmap.c:67:23: error: initialization of ‘int **’ from incompatible pointer type ‘Pair **’ [-Werror=incompatible-pointer-types]
   67 |   pair**old_buckets = map-> buckets;
      |                       ^~~
hashmap.c:72:21: error: initialization of ‘Pair *’ from incompatible pointer type ‘int *’ [-Werror=incompatible-pointer-types]
   72 |     Pair *current = old_buckets[i];
      |                     ^~~~~~~~~~~
hashmap.c:76:24: error: ‘Pair’ has no member named ‘next’
   76 |       current = current->next;
      |                        ^~
hashmap.c: In function ‘firstMap’:
hashmap.c:124:28: error: ‘*(map->buckets + (sizetype)((long unsigned int)i * 8))’ is a pointer; did you mean to use ‘->’?
  124 |         if (map->buckets[i].key != NULL) {
      |                            ^
      |                            ->
hashmap.c:126:20: error: returning ‘Pair **’ from a function with incompatible return type ‘Pair *’ [-Werror=incompatible-pointer-types]
  126 |             return &(map->buckets[i]);
      |                    ^~~~~~~~~~~~~~~~~~
hashmap.c: In function ‘nextMap’:
hashmap.c:135:28: error: ‘*(map->buckets + (sizetype)((long unsigned int)i * 8))’ is a pointer; did you mean to use ‘->’?
  135 |         if (map->buckets[i].key != NULL) {
      |                            ^
      |                            ->
hashmap.c:137:19: error: returning ‘Pair **’ from a function with incompatible return type ‘Pair *’ [-Werror=incompatible-pointer-types]
  137 |            return &(map->buckets[i]);
      |                   ^~~~~~~~~~~~~~~~~~
hashmap.c: At top level:
hashmap.c:143:8: error: redefinition of ‘nextMap’
  143 | Pair * nextMap(HashMap * map) {
      |        ^~~~~~~
hashmap.c:132:8: note: previous definition of ‘nextMap’ with type ‘Pair *(HashMap *)’ {aka ‘Pair *(struct HashMap *)’}
  132 | Pair * nextMap(HashMap * map) {
      |        ^~~~~~~
cc1: all warnings being treated as errors
Compilation failed
f87c1f9
Fri 08 Sep 2023 12:39:50 AM UTC: 
 hashmap.c | 2 +-
 1 file changed, 1 insertion(+), 1 deletion(-)
In file included from test.c:4:
hashmap.c: In function ‘enlarge’:
hashmap.c:76:24: error: ‘Pair’ has no member named ‘next’
   76 |       current = current->next;
      |                        ^~
hashmap.c: In function ‘firstMap’:
hashmap.c:124:28: error: ‘*(map->buckets + (sizetype)((long unsigned int)i * 8))’ is a pointer; did you mean to use ‘->’?
  124 |         if (map->buckets[i].key != NULL) {
      |                            ^
      |                            ->
hashmap.c:126:20: error: returning ‘Pair **’ from a function with incompatible return type ‘Pair *’ [-Werror=incompatible-pointer-types]
  126 |             return &(map->buckets[i]);
      |                    ^~~~~~~~~~~~~~~~~~
hashmap.c: In function ‘nextMap’:
hashmap.c:135:28: error: ‘*(map->buckets + (sizetype)((long unsigned int)i * 8))’ is a pointer; did you mean to use ‘->’?
  135 |         if (map->buckets[i].key != NULL) {
      |                            ^
      |                            ->
hashmap.c:137:19: error: returning ‘Pair **’ from a function with incompatible return type ‘Pair *’ [-Werror=incompatible-pointer-types]
  137 |            return &(map->buckets[i]);
      |                   ^~~~~~~~~~~~~~~~~~
hashmap.c: At top level:
hashmap.c:143:8: error: redefinition of ‘nextMap’
  143 | Pair * nextMap(HashMap * map) {
      |        ^~~~~~~
hashmap.c:132:8: note: previous definition of ‘nextMap’ with type ‘Pair *(HashMap *)’ {aka ‘Pair *(struct HashMap *)’}
  132 | Pair * nextMap(HashMap * map) {
      |        ^~~~~~~
cc1: all warnings being treated as errors
Compilation failed
26ad644
Fri 08 Sep 2023 12:45:43 AM UTC: 
 hashmap.c | 42 +++++++++++++++++++++++++++++++++++++-----
 1 file changed, 37 insertions(+), 5 deletions(-)
In file included from test.c:4:
hashmap.c: In function ‘enlarge’:
hashmap.c:76:24: error: ‘Pair’ has no member named ‘next’
   76 |       current = current->next;
      |                        ^~
hashmap.c: In function ‘firstMap’:
hashmap.c:128:16: error: ‘HashMap’ {aka ‘struct HashMap’} has no member named ‘current_index’
  128 |             map->current_index = i; // Establecer el índice actual
      |                ^~
hashmap.c: In function ‘nextMap’:
hashmap.c:141:28: error: ‘HashMap’ {aka ‘struct HashMap’} has no member named ‘current_index’
  141 |     int current_index = map->current_index;
      |                            ^~
hashmap.c:145:40: error: ‘Pair’ has no member named ‘next’
  145 |         if (map->buckets[current_index]->next != NULL) {
      |                                        ^~
hashmap.c:146:47: error: ‘Pair’ has no member named ‘next’
  146 |             return map->buckets[current_index]->next;
      |                                               ^~
hashmap.c:151:20: error: ‘HashMap’ {aka ‘struct HashMap’} has no member named ‘current_index’
  151 |                 map->current_index = i; // Actualizar el índice actual
      |                    ^~
hashmap.c: At top level:
hashmap.c:164:8: error: redefinition of ‘nextMap’
  164 | Pair * nextMap(HashMap * map) {
      |        ^~~~~~~
hashmap.c:136:7: note: previous definition of ‘nextMap’ with type ‘Pair *(HashMap *)’ {aka ‘Pair *(struct HashMap *)’}
  136 | Pair *nextMap(HashMap *map) {
      |       ^~~~~~~
hashmap.c: In function ‘nextMap’:
hashmap.c:167:28: error: ‘*(map->buckets + (sizetype)((long unsigned int)i * 8))’ is a pointer; did you mean to use ‘->’?
  167 |         if (map->buckets[i].key != NULL) {
      |                            ^
      |                            ->
hashmap.c:169:19: error: returning ‘Pair **’ from a function with incompatible return type ‘Pair *’ [-Werror=incompatible-pointer-types]
  169 |            return &(map->buckets[i]);
      |                   ^~~~~~~~~~~~~~~~~~
hashmap.c: At top level:
hashmap.c:175:8: error: redefinition of ‘nextMap’
  175 | Pair * nextMap(HashMap * map) {
      |        ^~~~~~~
hashmap.c:136:7: note: previous definition of ‘nextMap’ with type ‘Pair *(HashMap *)’ {aka ‘Pair *(struct HashMap *)’}
  136 | Pair *nextMap(HashMap *map) {
      |       ^~~~~~~
cc1: all warnings being treated as errors
Compilation failed
2fc8745
Fri 08 Sep 2023 12:47:36 AM UTC: 
 hashmap.c | 12 ------------
 1 file changed, 12 deletions(-)
In file included from test.c:4:
hashmap.c: In function ‘enlarge’:
hashmap.c:76:24: error: ‘Pair’ has no member named ‘next’
   76 |       current = current->next;
      |                        ^~
hashmap.c: In function ‘firstMap’:
hashmap.c:128:16: error: ‘HashMap’ {aka ‘struct HashMap’} has no member named ‘current_index’
  128 |             map->current_index = i; // Establecer el índice actual
      |                ^~
hashmap.c: In function ‘nextMap’:
hashmap.c:141:28: error: ‘HashMap’ {aka ‘struct HashMap’} has no member named ‘current_index’
  141 |     int current_index = map->current_index;
      |                            ^~
hashmap.c:145:40: error: ‘Pair’ has no member named ‘next’
  145 |         if (map->buckets[current_index]->next != NULL) {
      |                                        ^~
hashmap.c:146:47: error: ‘Pair’ has no member named ‘next’
  146 |             return map->buckets[current_index]->next;
      |                                               ^~
hashmap.c:151:20: error: ‘HashMap’ {aka ‘struct HashMap’} has no member named ‘current_index’
  151 |                 map->current_index = i; // Actualizar el índice actual
      |                    ^~
hashmap.c: At top level:
hashmap.c:163:8: error: redefinition of ‘nextMap’
  163 | Pair * nextMap(HashMap * map) {
      |        ^~~~~~~
hashmap.c:136:7: note: previous definition of ‘nextMap’ with type ‘Pair *(HashMap *)’ {aka ‘Pair *(struct HashMap *)’}
  136 | Pair *nextMap(HashMap *map) {
      |       ^~~~~~~
Compilation failed
822a5f1
Fri 08 Sep 2023 12:48:06 AM UTC: 
 hashmap.c | 9 +++++++--
 1 file changed, 7 insertions(+), 2 deletions(-)
In file included from test.c:4:
hashmap.c: In function ‘enlarge’:
hashmap.c:76:24: error: ‘Pair’ has no member named ‘next’
   76 |       current = current->next;
      |                        ^~
hashmap.c: In function ‘firstMap’:
hashmap.c:128:16: error: ‘HashMap’ {aka ‘struct HashMap’} has no member named ‘current_index’
  128 |             map->current_index = i; // Establecer el índice actual
      |                ^~
hashmap.c: In function ‘nextMap’:
hashmap.c:141:28: error: ‘HashMap’ {aka ‘struct HashMap’} has no member named ‘current_index’
  141 |     int current_index = map->current_index;
      |                            ^~
hashmap.c:145:40: error: ‘Pair’ has no member named ‘next’
  145 |         if (map->buckets[current_index]->next != NULL) {
      |                                        ^~
hashmap.c:146:47: error: ‘Pair’ has no member named ‘next’
  146 |             return map->buckets[current_index]->next;
      |                                               ^~
hashmap.c:151:20: error: ‘HashMap’ {aka ‘struct HashMap’} has no member named ‘current_index’
  151 |                 map->current_index = i; // Actualizar el índice actual
      |                    ^~
hashmap.c: At top level:
hashmap.c:162:8: error: redefinition of ‘nextMap’
  162 | Pair * nextMap(HashMap * map) {
      |        ^~~~~~~
hashmap.c:136:7: note: previous definition of ‘nextMap’ with type ‘Pair *(HashMap *)’ {aka ‘Pair *(struct HashMap *)’}
  136 | Pair *nextMap(HashMap *map) {
      |       ^~~~~~~
hashmap.c: In function ‘nextMap’:
hashmap.c:165:28: error: ‘*(map->buckets + (sizetype)((long unsigned int)i * 8))’ is a pointer; did you mean to use ‘->’?
  165 |         if (map->buckets[i].key != NULL) {
      |                            ^
      |                            ->
hashmap.c:167:19: error: returning ‘Pair **’ from a function with incompatible return type ‘Pair *’ [-Werror=incompatible-pointer-types]
  167 |            return &(map->buckets[i]);
      |                   ^~~~~~~~~~~~~~~~~~
cc1: all warnings being treated as errors
Compilation failed
a754922
Fri 08 Sep 2023 01:24:51 AM UTC: 
 hashmap.c | 54 ------------------------------------------------------
 1 file changed, 54 deletions(-)
In file included from test.c:4:
hashmap.c: In function ‘enlarge’:
hashmap.c:76:24: error: ‘Pair’ has no member named ‘next’
   76 |       current = current->next;
      |                        ^~
test.c: In function ‘searchMap’:
test.c:453:5: error: ‘main’ is normally a non-static function [-Werror=main]
  453 | int main( int argc, char *argv[] ) {
      |     ^~~~
test.c:511:1: error: expected declaration or statement at end of input
  511 | }
      | ^
At top level:
test.c:453:5: error: ‘main’ defined but not used [-Werror=unused-function]
  453 | int main( int argc, char *argv[] ) {
      |     ^~~~
test.c:217:5: error: ‘insert_test5’ defined but not used [-Werror=unused-function]
  217 | int insert_test5(){ //factor de carga>0.7, se llama a función enlarge
      |     ^~~~~~~~~~~~
test.c:131:6: error: ‘compare_test’ defined but not used [-Werror=unused-function]
  131 | void compare_test(){
      |      ^~~~~~~~~~~~
test.c:125:6: error: ‘hash_test3’ defined but not used [-Werror=unused-function]
  125 | void hash_test3(){ //no random
      |      ^~~~~~~~~~
test.c:111:6: error: ‘hash_test2’ defined but not used [-Werror=unused-function]
  111 | void hash_test2(){ // colisiones
      |      ^~~~~~~~~~
test.c:100:6: error: ‘hash_test1’ defined but not used [-Werror=unused-function]
  100 | void hash_test1(){ // posición válida
      |      ^~~~~~~~~~
cc1: all warnings being treated as errors
Compilation failed
228bf35
Fri 08 Sep 2023 01:27:38 AM UTC: 
 hashmap.c | 2 +-
 1 file changed, 1 insertion(+), 1 deletion(-)
In file included from test.c:4:
hashmap.c: In function ‘enlarge’:
hashmap.c:76:24: error: ‘Pair’ has no member named ‘next’
   76 |       current = current->next;
      |                        ^~
test.c: In function ‘searchMap’:
test.c:453:5: error: ‘main’ is normally a non-static function [-Werror=main]
  453 | int main( int argc, char *argv[] ) {
      |     ^~~~
test.c:511:1: error: expected declaration or statement at end of input
  511 | }
      | ^
At top level:
test.c:453:5: error: ‘main’ defined but not used [-Werror=unused-function]
  453 | int main( int argc, char *argv[] ) {
      |     ^~~~
test.c:217:5: error: ‘insert_test5’ defined but not used [-Werror=unused-function]
  217 | int insert_test5(){ //factor de carga>0.7, se llama a función enlarge
      |     ^~~~~~~~~~~~
test.c:131:6: error: ‘compare_test’ defined but not used [-Werror=unused-function]
  131 | void compare_test(){
      |      ^~~~~~~~~~~~
test.c:125:6: error: ‘hash_test3’ defined but not used [-Werror=unused-function]
  125 | void hash_test3(){ //no random
      |      ^~~~~~~~~~
test.c:111:6: error: ‘hash_test2’ defined but not used [-Werror=unused-function]
  111 | void hash_test2(){ // colisiones
      |      ^~~~~~~~~~
test.c:100:6: error: ‘hash_test1’ defined but not used [-Werror=unused-function]
  100 | void hash_test1(){ // posición válida
      |      ^~~~~~~~~~
cc1: all warnings being treated as errors
Compilation failed
c3d533b
Fri 08 Sep 2023 01:30:57 AM UTC: 
 hashmap.c | 10 ++++++++++
 1 file changed, 10 insertions(+)
In file included from test.c:4:
hashmap.c: In function ‘enlarge’:
hashmap.c:76:24: error: ‘Pair’ has no member named ‘next’
   76 |       current = current->next;
      |                        ^~
test.c: In function ‘searchMap’:
test.c:453:5: error: ‘main’ is normally a non-static function [-Werror=main]
  453 | int main( int argc, char *argv[] ) {
      |     ^~~~
test.c:511:1: error: expected declaration or statement at end of input
  511 | }
      | ^
At top level:
test.c:453:5: error: ‘main’ defined but not used [-Werror=unused-function]
  453 | int main( int argc, char *argv[] ) {
      |     ^~~~
test.c:217:5: error: ‘insert_test5’ defined but not used [-Werror=unused-function]
  217 | int insert_test5(){ //factor de carga>0.7, se llama a función enlarge
      |     ^~~~~~~~~~~~
test.c:131:6: error: ‘compare_test’ defined but not used [-Werror=unused-function]
  131 | void compare_test(){
      |      ^~~~~~~~~~~~
test.c:125:6: error: ‘hash_test3’ defined but not used [-Werror=unused-function]
  125 | void hash_test3(){ //no random
      |      ^~~~~~~~~~
test.c:111:6: error: ‘hash_test2’ defined but not used [-Werror=unused-function]
  111 | void hash_test2(){ // colisiones
      |      ^~~~~~~~~~
test.c:100:6: error: ‘hash_test1’ defined but not used [-Werror=unused-function]
  100 | void hash_test1(){ // posición válida
      |      ^~~~~~~~~~
cc1: all warnings being treated as errors
Compilation failed
3f4528b
Fri 08 Sep 2023 01:38:58 AM UTC: 
 hashmap.c | 20 +++++++++++++++++++-
 1 file changed, 19 insertions(+), 1 deletion(-)
In file included from test.c:4:
hashmap.c: In function ‘enlarge’:
hashmap.c:76:24: error: ‘Pair’ has no member named ‘next’
   76 |       current = current->next;
      |                        ^~
hashmap.c: In function ‘searchMap’:
hashmap.c:142:8: error: redefinition of ‘nextMap’
  142 | Pair * nextMap(HashMap * map) {
      |        ^~~~~~~
hashmap.c:129:8: note: previous definition of ‘nextMap’ with type ‘Pair *(HashMap *)’ {aka ‘Pair *(struct HashMap *)’}
  129 | Pair * nextMap(HashMap * map) {
      |        ^~~~~~~
test.c:453:5: error: ‘main’ is normally a non-static function [-Werror=main]
  453 | int main( int argc, char *argv[] ) {
      |     ^~~~
test.c:511:1: error: expected declaration or statement at end of input
  511 | }
      | ^
At top level:
test.c:453:5: error: ‘main’ defined but not used [-Werror=unused-function]
  453 | int main( int argc, char *argv[] ) {
      |     ^~~~
test.c:217:5: error: ‘insert_test5’ defined but not used [-Werror=unused-function]
  217 | int insert_test5(){ //factor de carga>0.7, se llama a función enlarge
      |     ^~~~~~~~~~~~
test.c:131:6: error: ‘compare_test’ defined but not used [-Werror=unused-function]
  131 | void compare_test(){
      |      ^~~~~~~~~~~~
test.c:125:6: error: ‘hash_test3’ defined but not used [-Werror=unused-function]
  125 | void hash_test3(){ //no random
      |      ^~~~~~~~~~
test.c:111:6: error: ‘hash_test2’ defined but not used [-Werror=unused-function]
  111 | void hash_test2(){ // colisiones
      |      ^~~~~~~~~~
test.c:100:6: error: ‘hash_test1’ defined but not used [-Werror=unused-function]
  100 | void hash_test1(){ // posición válida
      |      ^~~~~~~~~~
In file included from test.c:4:
hashmap.c:129:8: error: ‘nextMap’ defined but not used [-Werror=unused-function]
  129 | Pair * nextMap(HashMap * map) {
      |        ^~~~~~~
cc1: all warnings being treated as errors
Compilation failed
34c81b5
Fri 08 Sep 2023 01:41:50 AM UTC: 
 hashmap.c | 114 +++++++++++++++++++++++++++++++++++++-------------------------
 1 file changed, 68 insertions(+), 46 deletions(-)
In file included from test.c:4:
hashmap.c:11:8: error: redefinition of ‘struct Pair’
   11 | struct Pair {
      |        ^~~~
In file included from hashmap.c:6,
                 from test.c:4:
hashmap.h:15:16: note: originally defined here
   15 | typedef struct Pair {
      |                ^~~~
In file included from test.c:4:
hashmap.c: In function ‘createPair’:
hashmap.c:28:12: error: ‘Pair’ {aka ‘struct Pair’} has no member named ‘next’
   28 |     newPair->next = NULL;
      |            ^~
hashmap.c: In function ‘insertMap’:
hashmap.c:61:23: error: ‘Pair’ {aka ‘struct Pair’} has no member named ‘next’
   61 |         while (current->next != NULL) {
      |                       ^~
hashmap.c:62:30: error: ‘Pair’ {aka ‘struct Pair’} has no member named ‘next’
   62 |             current = current->next;
      |                              ^~
hashmap.c:64:16: error: ‘Pair’ {aka ‘struct Pair’} has no member named ‘next’
   64 |         current->next = newPair;
      |                ^~
hashmap.c: In function ‘enlarge’:
hashmap.c:73:5: error: ‘enlarge_called’ undeclared (first use in this function)
   73 |     enlarge_called = 1; // no borrar (testing purposes)
      |     ^~~~~~~~~~~~~~
hashmap.c:73:5: note: each undeclared identifier is reported only once for each function it appears in
hashmap.c:85:30: error: ‘Pair’ {aka ‘struct Pair’} has no member named ‘next’
   85 |             current = current->next;
      |                              ^~
hashmap.c: In function ‘eraseMap’:
hashmap.c:112:46: error: ‘Pair’ {aka ‘struct Pair’} has no member named ‘next’
  112 |                 map->buckets[index] = current->next;
      |                                              ^~
hashmap.c:114:21: error: ‘Pair’ {aka ‘struct Pair’} has no member named ‘next’
  114 |                 prev->next = current->next;
      |                     ^~
hashmap.c:114:37: error: ‘Pair’ {aka ‘struct Pair’} has no member named ‘next’
  114 |                 prev->next = current->next;
      |                                     ^~
hashmap.c:122:26: error: ‘Pair’ {aka ‘struct Pair’} has no member named ‘next’
  122 |         current = current->next;
      |                          ^~
hashmap.c: In function ‘searchMap’:
hashmap.c:135:26: error: ‘Pair’ {aka ‘struct Pair’} has no member named ‘next’
  135 |         current = current->next;
      |                          ^~
test.c: In function ‘insert_test1’:
test.c:159:8: error: ‘enlarge_called’ undeclared (first use in this function)
  159 |     if(enlarge_called == 1){
      |        ^~~~~~~~~~~~~~
test.c: In function ‘insert_test5’:
test.c:223:8: error: ‘enlarge_called’ undeclared (first use in this function)
  223 |     if(enlarge_called == 0){
      |        ^~~~~~~~~~~~~~
Compilation failed
6635fd1
Fri 08 Sep 2023 01:42:34 AM UTC: 
 hashmap.c | 114 +++++++++++++++++++++++++-------------------------------------
 1 file changed, 46 insertions(+), 68 deletions(-)
In file included from test.c:4:
hashmap.c: In function ‘enlarge’:
hashmap.c:76:24: error: ‘Pair’ has no member named ‘next’
   76 |       current = current->next;
      |                        ^~
hashmap.c: In function ‘searchMap’:
hashmap.c:142:8: error: redefinition of ‘nextMap’
  142 | Pair * nextMap(HashMap * map) {
      |        ^~~~~~~
hashmap.c:129:8: note: previous definition of ‘nextMap’ with type ‘Pair *(HashMap *)’ {aka ‘Pair *(struct HashMap *)’}
  129 | Pair * nextMap(HashMap * map) {
      |        ^~~~~~~
test.c:453:5: error: ‘main’ is normally a non-static function [-Werror=main]
  453 | int main( int argc, char *argv[] ) {
      |     ^~~~
test.c:511:1: error: expected declaration or statement at end of input
  511 | }
      | ^
At top level:
test.c:453:5: error: ‘main’ defined but not used [-Werror=unused-function]
  453 | int main( int argc, char *argv[] ) {
      |     ^~~~
test.c:217:5: error: ‘insert_test5’ defined but not used [-Werror=unused-function]
  217 | int insert_test5(){ //factor de carga>0.7, se llama a función enlarge
      |     ^~~~~~~~~~~~
test.c:131:6: error: ‘compare_test’ defined but not used [-Werror=unused-function]
  131 | void compare_test(){
      |      ^~~~~~~~~~~~
test.c:125:6: error: ‘hash_test3’ defined but not used [-Werror=unused-function]
  125 | void hash_test3(){ //no random
      |      ^~~~~~~~~~
test.c:111:6: error: ‘hash_test2’ defined but not used [-Werror=unused-function]
  111 | void hash_test2(){ // colisiones
      |      ^~~~~~~~~~
test.c:100:6: error: ‘hash_test1’ defined but not used [-Werror=unused-function]
  100 | void hash_test1(){ // posición válida
      |      ^~~~~~~~~~
In file included from test.c:4:
hashmap.c:129:8: error: ‘nextMap’ defined but not used [-Werror=unused-function]
  129 | Pair * nextMap(HashMap * map) {
      |        ^~~~~~~
cc1: all warnings being treated as errors
Compilation failed
78776fd
Fri 08 Sep 2023 02:00:46 AM UTC: 
 hashmap.c | 12 +++++++++++-
 1 file changed, 11 insertions(+), 1 deletion(-)
In file included from test.c:4:
hashmap.c: In function ‘enlarge’:
hashmap.c:76:24: error: ‘Pair’ has no member named ‘next’
   76 |       current = current->next;
      |                        ^~
hashmap.c: At top level:
hashmap.c:103:1: error: expected identifier or ‘(’ before ‘}’ token
  103 | }
      | ^
hashmap.c: In function ‘searchMap’:
hashmap.c:152:8: error: redefinition of ‘nextMap’
  152 | Pair * nextMap(HashMap * map) {
      |        ^~~~~~~
hashmap.c:139:8: note: previous definition of ‘nextMap’ with type ‘Pair *(HashMap *)’ {aka ‘Pair *(struct HashMap *)’}
  139 | Pair * nextMap(HashMap * map) {
      |        ^~~~~~~
test.c:453:5: error: ‘main’ is normally a non-static function [-Werror=main]
  453 | int main( int argc, char *argv[] ) {
      |     ^~~~
test.c:511:1: error: expected declaration or statement at end of input
  511 | }
      | ^
At top level:
test.c:453:5: error: ‘main’ defined but not used [-Werror=unused-function]
  453 | int main( int argc, char *argv[] ) {
      |     ^~~~
test.c:217:5: error: ‘insert_test5’ defined but not used [-Werror=unused-function]
  217 | int insert_test5(){ //factor de carga>0.7, se llama a función enlarge
      |     ^~~~~~~~~~~~
test.c:131:6: error: ‘compare_test’ defined but not used [-Werror=unused-function]
  131 | void compare_test(){
      |      ^~~~~~~~~~~~
test.c:125:6: error: ‘hash_test3’ defined but not used [-Werror=unused-function]
  125 | void hash_test3(){ //no random
      |      ^~~~~~~~~~
test.c:111:6: error: ‘hash_test2’ defined but not used [-Werror=unused-function]
  111 | void hash_test2(){ // colisiones
      |      ^~~~~~~~~~
test.c:100:6: error: ‘hash_test1’ defined but not used [-Werror=unused-function]
  100 | void hash_test1(){ // posición válida
      |      ^~~~~~~~~~
In file included from test.c:4:
hashmap.c:139:8: error: ‘nextMap’ defined but not used [-Werror=unused-function]
  139 | Pair * nextMap(HashMap * map) {
      |        ^~~~~~~
cc1: all warnings being treated as errors
Compilation failed
abb77be
Fri 08 Sep 2023 02:06:10 AM UTC: 
 hashmap.c | 4 ++++
 1 file changed, 4 insertions(+)
In file included from test.c:4:
hashmap.c: In function ‘enlarge’:
hashmap.c:80:24: error: ‘Pair’ has no member named ‘next’
   80 |       current = current->next;
      |                        ^~
hashmap.c: At top level:
hashmap.c:107:1: error: expected identifier or ‘(’ before ‘}’ token
  107 | }
      | ^
hashmap.c: In function ‘searchMap’:
hashmap.c:156:8: error: redefinition of ‘nextMap’
  156 | Pair * nextMap(HashMap * map) {
      |        ^~~~~~~
hashmap.c:143:8: note: previous definition of ‘nextMap’ with type ‘Pair *(HashMap *)’ {aka ‘Pair *(struct HashMap *)’}
  143 | Pair * nextMap(HashMap * map) {
      |        ^~~~~~~
test.c:453:5: error: ‘main’ is normally a non-static function [-Werror=main]
  453 | int main( int argc, char *argv[] ) {
      |     ^~~~
test.c:511:1: error: expected declaration or statement at end of input
  511 | }
      | ^
At top level:
test.c:453:5: error: ‘main’ defined but not used [-Werror=unused-function]
  453 | int main( int argc, char *argv[] ) {
      |     ^~~~
test.c:217:5: error: ‘insert_test5’ defined but not used [-Werror=unused-function]
  217 | int insert_test5(){ //factor de carga>0.7, se llama a función enlarge
      |     ^~~~~~~~~~~~
test.c:131:6: error: ‘compare_test’ defined but not used [-Werror=unused-function]
  131 | void compare_test(){
      |      ^~~~~~~~~~~~
test.c:125:6: error: ‘hash_test3’ defined but not used [-Werror=unused-function]
  125 | void hash_test3(){ //no random
      |      ^~~~~~~~~~
test.c:111:6: error: ‘hash_test2’ defined but not used [-Werror=unused-function]
  111 | void hash_test2(){ // colisiones
      |      ^~~~~~~~~~
test.c:100:6: error: ‘hash_test1’ defined but not used [-Werror=unused-function]
  100 | void hash_test1(){ // posición válida
      |      ^~~~~~~~~~
In file included from test.c:4:
hashmap.c:143:8: error: ‘nextMap’ defined but not used [-Werror=unused-function]
  143 | Pair * nextMap(HashMap * map) {
      |        ^~~~~~~
cc1: all warnings being treated as errors
Compilation failed
a32ec32
Fri 08 Sep 2023 02:06:57 AM UTC: 
 hashmap.c | 2 +-
 1 file changed, 1 insertion(+), 1 deletion(-)
In file included from test.c:4:
hashmap.c: In function ‘enlarge’:
hashmap.c:80:24: error: ‘Pair’ has no member named ‘next’
   80 |       current = current->next;
      |                        ^~
hashmap.c: In function ‘searchMap’:
hashmap.c:152:8: error: redefinition of ‘nextMap’
  152 | Pair * nextMap(HashMap * map) {
      |        ^~~~~~~
hashmap.c:139:8: note: previous definition of ‘nextMap’ with type ‘Pair *(HashMap *)’ {aka ‘Pair *(struct HashMap *)’}
  139 | Pair * nextMap(HashMap * map) {
      |        ^~~~~~~
test.c:453:5: error: ‘main’ is normally a non-static function [-Werror=main]
  453 | int main( int argc, char *argv[] ) {
      |     ^~~~
test.c:511:1: error: expected declaration or statement at end of input
  511 | }
      | ^
At top level:
test.c:453:5: error: ‘main’ defined but not used [-Werror=unused-function]
  453 | int main( int argc, char *argv[] ) {
      |     ^~~~
test.c:217:5: error: ‘insert_test5’ defined but not used [-Werror=unused-function]
  217 | int insert_test5(){ //factor de carga>0.7, se llama a función enlarge
      |     ^~~~~~~~~~~~
test.c:131:6: error: ‘compare_test’ defined but not used [-Werror=unused-function]
  131 | void compare_test(){
      |      ^~~~~~~~~~~~
test.c:125:6: error: ‘hash_test3’ defined but not used [-Werror=unused-function]
  125 | void hash_test3(){ //no random
      |      ^~~~~~~~~~
test.c:111:6: error: ‘hash_test2’ defined but not used [-Werror=unused-function]
  111 | void hash_test2(){ // colisiones
      |      ^~~~~~~~~~
test.c:100:6: error: ‘hash_test1’ defined but not used [-Werror=unused-function]
  100 | void hash_test1(){ // posición válida
      |      ^~~~~~~~~~
In file included from test.c:4:
hashmap.c:139:8: error: ‘nextMap’ defined but not used [-Werror=unused-function]
  139 | Pair * nextMap(HashMap * map) {
      |        ^~~~~~~
cc1: all warnings being treated as errors
Compilation failed
71d15f1
Fri 08 Sep 2023 02:09:08 AM UTC: 
 hashmap.c | 24 +++++++++++++++---------
 1 file changed, 15 insertions(+), 9 deletions(-)
In file included from test.c:4:
hashmap.c: In function ‘enlarge’:
hashmap.c:80:24: error: ‘Pair’ has no member named ‘next’
   80 |       current = current->next;
      |                        ^~
In file included from test.c:4:
hashmap.c: At top level:
hashmap.c:158:8: error: redefinition of ‘nextMap’
  158 | Pair * nextMap(HashMap * map) {
      |        ^~~~~~~
hashmap.c:145:8: note: previous definition of ‘nextMap’ with type ‘Pair *(HashMap *)’ {aka ‘Pair *(struct HashMap *)’}
  145 | Pair * nextMap(HashMap * map) {
      |        ^~~~~~~
Compilation failed
a74d8d6
Fri 08 Sep 2023 02:10:40 AM UTC: 
 hashmap.c | 7 +++----
 1 file changed, 3 insertions(+), 4 deletions(-)
In file included from test.c:4:
hashmap.c: In function ‘enlarge’:
hashmap.c:80:24: error: ‘Pair’ has no member named ‘next’
   80 |       current = current->next;
      |                        ^~
In file included from test.c:4:
hashmap.c: At top level:
hashmap.c:156:8: error: redefinition of ‘nextMap’
  156 | Pair * nextMap(HashMap * map) {
      |        ^~~~~~~
hashmap.c:143:8: note: previous definition of ‘nextMap’ with type ‘Pair *(HashMap *)’ {aka ‘Pair *(struct HashMap *)’}
  143 | Pair * nextMap(HashMap * map) {
      |        ^~~~~~~
Compilation failed
c5dedf6
Fri 08 Sep 2023 02:13:49 AM UTC: 
 hashmap.c | 19 ++++++++++++-------
 1 file changed, 12 insertions(+), 7 deletions(-)
In file included from test.c:4:
hashmap.c: In function ‘enlarge’:
hashmap.c:80:24: error: ‘Pair’ has no member named ‘next’
   80 |       current = current->next;
      |                        ^~
Compilation failed
32833a1
Fri 08 Sep 2023 02:16:08 AM UTC: 
 hashmap.c | 21 ++++++++++++++-------
 1 file changed, 14 insertions(+), 7 deletions(-)
 tests:  17|0
total_score: 70/70
1cde836
Fri 08 Sep 2023 02:16:22 AM UTC: 
 hashmap.c | 2 +-
 1 file changed, 1 insertion(+), 1 deletion(-)
In file included from test.c:4:
hashmap.c: In function ‘nextMap’:
hashmap.c:159:5: error: expected declaration specifiers before ‘if’
  159 |     if (map->current >= 0 && map->current < map->capacity) {
      |     ^~
hashmap.c:170:5: error: expected declaration specifiers before ‘return’
  170 |     return NULL;
      |     ^~~~~~
hashmap.c:171:1: error: expected declaration specifiers before ‘}’ token
  171 | }
      | ^
test.c:8:34: error: expected ‘=’, ‘,’, ‘;’, ‘asm’ or ‘__attribute__’ before ‘{’ token
    8 | char * _strdup(const char * str) {
      |                                  ^
test.c:15:1: error: parameter ‘test_id’ is initialized
   15 | int test_id = -1;
      | ^~~
test.c:18:14: error: expected ‘=’, ‘,’, ‘;’, ‘asm’ or ‘__attribute__’ before ‘{’ token
   18 | int success(){
      |              ^
test.c:23:24: error: expected ‘=’, ‘,’, ‘;’, ‘asm’ or ‘__attribute__’ before ‘{’ token
   23 | void err_msg(char* msg){
      |                        ^
test.c:30:23: error: expected ‘=’, ‘,’, ‘;’, ‘asm’ or ‘__attribute__’ before ‘{’ token
   30 | void ok_msg(char* msg){
      |                       ^
test.c:36:25: error: expected ‘=’, ‘,’, ‘;’, ‘asm’ or ‘__attribute__’ before ‘{’ token
   36 | void info_msg(char* msg){
      |                         ^
test.c:41:25: error: expected ‘=’, ‘,’, ‘;’, ‘asm’ or ‘__attribute__’ before ‘{’ token
   41 | HashMap* initializeMap(){
      |                         ^
test.c:64:22: error: expected ‘=’, ‘,’, ‘;’, ‘asm’ or ‘__attribute__’ before ‘{’ token
   64 | int createMap_test1(){ //Retorna el mapa
      |                      ^
test.c:75:22: error: expected ‘=’, ‘,’, ‘;’, ‘asm’ or ‘__attribute__’ before ‘{’ token
   75 | int createMap_test2(){ //Buckets nulos
      |                      ^
test.c:83:22: error: expected ‘=’, ‘,’, ‘;’, ‘asm’ or ‘__attribute__’ before ‘{’ token
   83 | int createMap_test3(){ //variables
      |                      ^
test.c:100:18: error: expected ‘=’, ‘,’, ‘;’, ‘asm’ or ‘__attribute__’ before ‘{’ token
  100 | void hash_test1(){ // posición válida
      |                  ^
test.c:111:18: error: expected ‘=’, ‘,’, ‘;’, ‘asm’ or ‘__attribute__’ before ‘{’ token
  111 | void hash_test2(){ // colisiones
      |                  ^
test.c:125:18: error: expected ‘=’, ‘,’, ‘;’, ‘asm’ or ‘__attribute__’ before ‘{’ token
  125 | void hash_test3(){ //no random
      |                  ^
test.c:131:20: error: expected ‘=’, ‘,’, ‘;’, ‘asm’ or ‘__attribute__’ before ‘{’ token
  131 | void compare_test(){
      |                    ^
test.c:138:19: error: expected ‘=’, ‘,’, ‘;’, ‘asm’ or ‘__attribute__’ before ‘{’ token
  138 | int insert_test1(){ //elemento con hash=3
      |                   ^
test.c:168:19: error: expected ‘=’, ‘,’, ‘;’, ‘asm’ or ‘__attribute__’ before ‘{’ token
  168 | int insert_test2(){ //no se agregan repetidos
      |                   ^
test.c:179:19: error: expected ‘=’, ‘,’, ‘;’, ‘asm’ or ‘__attribute__’ before ‘{’ token
  179 | int insert_test3(){ //colisión
      |                   ^
test.c:192:19: error: expected ‘=’, ‘,’, ‘;’, ‘asm’ or ‘__attribute__’ before ‘{’ token
  192 | int insert_test4(){ //colisión
      |                   ^
test.c:217:19: error: expected ‘=’, ‘,’, ‘;’, ‘asm’ or ‘__attribute__’ before ‘{’ token
  217 | int insert_test5(){ //factor de carga>0.7, se llama a función enlarge
      |                   ^
test.c:233:19: error: expected ‘=’, ‘,’, ‘;’, ‘asm’ or ‘__attribute__’ before ‘{’ token
  233 | int search_test1(){ //busqueda de elemento insertado
      |                   ^
test.c:256:19: error: expected ‘=’, ‘,’, ‘;’, ‘asm’ or ‘__attribute__’ before ‘{’ token
  256 | int search_test2(){ //busqueda de elemento colisionado
      |                   ^
test.c:276:19: error: expected ‘=’, ‘,’, ‘;’, ‘asm’ or ‘__attribute__’ before ‘{’ token
  276 | int search_test3(){ //busqueda de elemento que no existe
      |                   ^
test.c:289:18: error: expected ‘=’, ‘,’, ‘;’, ‘asm’ or ‘__attribute__’ before ‘{’ token
  289 | int erase_test1(){  //elimina dato
      |                  ^
test.c:314:18: error: expected ‘=’, ‘,’, ‘;’, ‘asm’ or ‘__attribute__’ before ‘{’ token
  314 | int erase_test2(){  //elimina dato colisionado
      |                  ^
test.c:330:18: error: expected ‘=’, ‘,’, ‘;’, ‘asm’ or ‘__attribute__’ before ‘{’ token
  330 | int erase_test3(){  //elimina dato que no existe
      |                  ^
test.c:345:17: error: expected ‘=’, ‘,’, ‘;’, ‘asm’ or ‘__attribute__’ before ‘{’ token
  345 | int first_test(){
      |                 ^
test.c:389:16: error: expected ‘=’, ‘,’, ‘;’, ‘asm’ or ‘__attribute__’ before ‘{’ token
  389 | int next_test(){
      |                ^
test.c:425:19: error: expected ‘=’, ‘,’, ‘;’, ‘asm’ or ‘__attribute__’ before ‘{’ token
  425 | int enlarge_test(){
      |                   ^
test.c:453:36: error: expected ‘=’, ‘,’, ‘;’, ‘asm’ or ‘__attribute__’ before ‘{’ token
  453 | int main( int argc, char *argv[] ) {
      |                                    ^
In file included from test.c:4:
hashmap.c:157:8: error: old-style parameter declarations in prototyped function definition
  157 | Pair * nextMap(HashMap * map)
      |        ^~~~~~~
test.c:512: error: expected ‘{’ at end of input
test.c:512: error: control reaches end of non-void function [-Werror=return-type]
cc1: all warnings being treated as errors
Compilation failed
6723b56
Fri 08 Sep 2023 02:16:29 AM UTC: 
 hashmap.c | 2 +-
 1 file changed, 1 insertion(+), 1 deletion(-)
In file included from test.c:4:
hashmap.c: In function ‘nextMap’:
hashmap.c:157:31: error: expected declaration specifiers before ‘}’ token
  157 | Pair * nextMap(HashMap * map) }
      |                               ^
hashmap.c:159:5: error: expected declaration specifiers before ‘if’
  159 |     if (map->current >= 0 && map->current < map->capacity) {
      |     ^~
hashmap.c:170:5: error: expected declaration specifiers before ‘return’
  170 |     return NULL;
      |     ^~~~~~
hashmap.c:171:1: error: expected declaration specifiers before ‘}’ token
  171 | }
      | ^
test.c:8:34: error: expected ‘=’, ‘,’, ‘;’, ‘asm’ or ‘__attribute__’ before ‘{’ token
    8 | char * _strdup(const char * str) {
      |                                  ^
test.c:15:1: error: parameter ‘test_id’ is initialized
   15 | int test_id = -1;
      | ^~~
test.c:18:14: error: expected ‘=’, ‘,’, ‘;’, ‘asm’ or ‘__attribute__’ before ‘{’ token
   18 | int success(){
      |              ^
test.c:23:24: error: expected ‘=’, ‘,’, ‘;’, ‘asm’ or ‘__attribute__’ before ‘{’ token
   23 | void err_msg(char* msg){
      |                        ^
test.c:30:23: error: expected ‘=’, ‘,’, ‘;’, ‘asm’ or ‘__attribute__’ before ‘{’ token
   30 | void ok_msg(char* msg){
      |                       ^
test.c:36:25: error: expected ‘=’, ‘,’, ‘;’, ‘asm’ or ‘__attribute__’ before ‘{’ token
   36 | void info_msg(char* msg){
      |                         ^
test.c:41:25: error: expected ‘=’, ‘,’, ‘;’, ‘asm’ or ‘__attribute__’ before ‘{’ token
   41 | HashMap* initializeMap(){
      |                         ^
test.c:64:22: error: expected ‘=’, ‘,’, ‘;’, ‘asm’ or ‘__attribute__’ before ‘{’ token
   64 | int createMap_test1(){ //Retorna el mapa
      |                      ^
test.c:75:22: error: expected ‘=’, ‘,’, ‘;’, ‘asm’ or ‘__attribute__’ before ‘{’ token
   75 | int createMap_test2(){ //Buckets nulos
      |                      ^
test.c:83:22: error: expected ‘=’, ‘,’, ‘;’, ‘asm’ or ‘__attribute__’ before ‘{’ token
   83 | int createMap_test3(){ //variables
      |                      ^
test.c:100:18: error: expected ‘=’, ‘,’, ‘;’, ‘asm’ or ‘__attribute__’ before ‘{’ token
  100 | void hash_test1(){ // posición válida
      |                  ^
test.c:111:18: error: expected ‘=’, ‘,’, ‘;’, ‘asm’ or ‘__attribute__’ before ‘{’ token
  111 | void hash_test2(){ // colisiones
      |                  ^
test.c:125:18: error: expected ‘=’, ‘,’, ‘;’, ‘asm’ or ‘__attribute__’ before ‘{’ token
  125 | void hash_test3(){ //no random
      |                  ^
test.c:131:20: error: expected ‘=’, ‘,’, ‘;’, ‘asm’ or ‘__attribute__’ before ‘{’ token
  131 | void compare_test(){
      |                    ^
test.c:138:19: error: expected ‘=’, ‘,’, ‘;’, ‘asm’ or ‘__attribute__’ before ‘{’ token
  138 | int insert_test1(){ //elemento con hash=3
      |                   ^
test.c:168:19: error: expected ‘=’, ‘,’, ‘;’, ‘asm’ or ‘__attribute__’ before ‘{’ token
  168 | int insert_test2(){ //no se agregan repetidos
      |                   ^
test.c:179:19: error: expected ‘=’, ‘,’, ‘;’, ‘asm’ or ‘__attribute__’ before ‘{’ token
  179 | int insert_test3(){ //colisión
      |                   ^
test.c:192:19: error: expected ‘=’, ‘,’, ‘;’, ‘asm’ or ‘__attribute__’ before ‘{’ token
  192 | int insert_test4(){ //colisión
      |                   ^
test.c:217:19: error: expected ‘=’, ‘,’, ‘;’, ‘asm’ or ‘__attribute__’ before ‘{’ token
  217 | int insert_test5(){ //factor de carga>0.7, se llama a función enlarge
      |                   ^
test.c:233:19: error: expected ‘=’, ‘,’, ‘;’, ‘asm’ or ‘__attribute__’ before ‘{’ token
  233 | int search_test1(){ //busqueda de elemento insertado
      |                   ^
test.c:256:19: error: expected ‘=’, ‘,’, ‘;’, ‘asm’ or ‘__attribute__’ before ‘{’ token
  256 | int search_test2(){ //busqueda de elemento colisionado
      |                   ^
test.c:276:19: error: expected ‘=’, ‘,’, ‘;’, ‘asm’ or ‘__attribute__’ before ‘{’ token
  276 | int search_test3(){ //busqueda de elemento que no existe
      |                   ^
test.c:289:18: error: expected ‘=’, ‘,’, ‘;’, ‘asm’ or ‘__attribute__’ before ‘{’ token
  289 | int erase_test1(){  //elimina dato
      |                  ^
test.c:314:18: error: expected ‘=’, ‘,’, ‘;’, ‘asm’ or ‘__attribute__’ before ‘{’ token
  314 | int erase_test2(){  //elimina dato colisionado
      |                  ^
test.c:330:18: error: expected ‘=’, ‘,’, ‘;’, ‘asm’ or ‘__attribute__’ before ‘{’ token
  330 | int erase_test3(){  //elimina dato que no existe
      |                  ^
test.c:345:17: error: expected ‘=’, ‘,’, ‘;’, ‘asm’ or ‘__attribute__’ before ‘{’ token
  345 | int first_test(){
      |                 ^
test.c:389:16: error: expected ‘=’, ‘,’, ‘;’, ‘asm’ or ‘__attribute__’ before ‘{’ token
  389 | int next_test(){
      |                ^
test.c:425:19: error: expected ‘=’, ‘,’, ‘;’, ‘asm’ or ‘__attribute__’ before ‘{’ token
  425 | int enlarge_test(){
      |                   ^
test.c:453:36: error: expected ‘=’, ‘,’, ‘;’, ‘asm’ or ‘__attribute__’ before ‘{’ token
  453 | int main( int argc, char *argv[] ) {
      |                                    ^
In file included from test.c:4:
hashmap.c:157:8: error: old-style parameter declarations in prototyped function definition
  157 | Pair * nextMap(HashMap * map) }
      |        ^~~~~~~
test.c:512: error: expected ‘{’ at end of input
test.c:512: error: control reaches end of non-void function [-Werror=return-type]
cc1: all warnings being treated as errors
Compilation failed
b82df14
Fri 08 Sep 2023 02:16:47 AM UTC: 
 hashmap.c | 2 +-
 1 file changed, 1 insertion(+), 1 deletion(-)
 tests:  17|0
total_score: 70/70
41c95c1
Fri 08 Sep 2023 02:24:47 AM UTC: 
 hashmap.c | 27 ++++++++++-----------------
 1 file changed, 10 insertions(+), 17 deletions(-)
In file included from test.c:4:
hashmap.c: In function ‘insertMap’:
hashmap.c:46:22: error: implicit declaration of function ‘hash2’; did you mean ‘hash’? [-Werror=implicit-function-declaration]
   46 |     long increment = hash2(key, map->capacity);
      |                      ^~~~~
      |                      hash
cc1: all warnings being treated as errors
Compilation failed
42770b1
Fri 08 Sep 2023 02:27:02 AM UTC: 
 hashmap.c | 23 ++++-------------------
 1 file changed, 4 insertions(+), 19 deletions(-)
In file included from test.c:4:
hashmap.c:11:10: error: expected ‘=’, ‘,’, ‘;’, ‘asm’ or ‘__attribute__’ before ‘*’ token
   11 |     Pair ** buckets;
      |          ^
hashmap.c:15:1: error: expected identifier or ‘(’ before ‘}’ token
   15 | };
      | ^
hashmap.c: In function ‘insertMap’:
hashmap.c:43:31: error: invalid use of incomplete typedef ‘HashMap’ {aka ‘struct HashMap’}
   43 |     long index = hash(key, map->capacity);
      |                               ^~
hashmap.c:46:22: error: implicit declaration of function ‘hash2’; did you mean ‘hash’? [-Werror=implicit-function-declaration]
   46 |     long increment = hash2(key, map->capacity);
      |                      ^~~~~
      |                      hash
hashmap.c:46:36: error: invalid use of incomplete typedef ‘HashMap’ {aka ‘struct HashMap’}
   46 |     long increment = hash2(key, map->capacity);
      |                                    ^~
hashmap.c:49:12: error: invalid use of incomplete typedef ‘HashMap’ {aka ‘struct HashMap’}
   49 |     if (map->buckets[index] == NULL) {
      |            ^~
hashmap.c:50:12: error: invalid use of incomplete typedef ‘HashMap’ {aka ‘struct HashMap’}
   50 |         map->buckets[index] = new_pair;
      |            ^~
hashmap.c:51:12: error: invalid use of incomplete typedef ‘HashMap’ {aka ‘struct HashMap’}
   51 |         map->size++;
      |            ^~
hashmap.c:54:19: error: invalid use of incomplete typedef ‘HashMap’ {aka ‘struct HashMap’}
   54 |         while (map->buckets[index] != NULL) {
      |                   ^~
hashmap.c:56:29: error: invalid use of incomplete typedef ‘HashMap’ {aka ‘struct HashMap’}
   56 |             if (is_equal(map->buckets[index]->key, key)) {
      |                             ^~
hashmap.c:59:46: error: invalid use of incomplete typedef ‘HashMap’ {aka ‘struct HashMap’}
   59 |             index = (index + increment) % map->capacity;
      |                                              ^~
hashmap.c:61:12: error: invalid use of incomplete typedef ‘HashMap’ {aka ‘struct HashMap’}
   61 |         map->buckets[index] = new_pair;
      |            ^~
hashmap.c:62:12: error: invalid use of incomplete typedef ‘HashMap’ {aka ‘struct HashMap’}
   62 |         map->size++;
      |            ^~
hashmap.c:64:8: error: invalid use of incomplete typedef ‘HashMap’ {aka ‘struct HashMap’}
   64 |     map->current = index;
      |        ^~
hashmap.c: In function ‘enlarge’:
hashmap.c:71:29: error: invalid use of incomplete typedef ‘HashMap’ {aka ‘struct HashMap’}
   71 |     Pair **old_buckets = map->buckets;
      |                             ^~
hashmap.c:74:8: error: invalid use of incomplete typedef ‘HashMap’ {aka ‘struct HashMap’}
   74 |     map->capacity *= 2;
      |        ^~
hashmap.c:77:8: error: invalid use of incomplete typedef ‘HashMap’ {aka ‘struct HashMap’}
   77 |     map->buckets = (Pair **)calloc(map->capacity, sizeof(Pair *));
      |        ^~
hashmap.c:77:39: error: invalid use of incomplete typedef ‘HashMap’ {aka ‘struct HashMap’}
   77 |     map->buckets = (Pair **)calloc(map->capacity, sizeof(Pair *));
      |                                       ^~
hashmap.c:80:8: error: invalid use of incomplete typedef ‘HashMap’ {aka ‘struct HashMap’}
   80 |     map->size = 0;
      |        ^~
hashmap.c:83:28: error: invalid use of incomplete typedef ‘HashMap’ {aka ‘struct HashMap’}
   83 |     for (int i = 0; i < map->capacity / 2; i++) {
      |                            ^~
hashmap.c: In function ‘createMap’:
hashmap.c:94:44: error: invalid application of ‘sizeof’ to incomplete type ‘HashMap’ {aka ‘struct HashMap’}
   94 |   HashMap * map = (HashMap *)malloc(sizeof(HashMap));
      |                                            ^~~~~~~
hashmap.c:96:6: error: invalid use of incomplete typedef ‘HashMap’ {aka ‘struct HashMap’}
   96 |   map->buckets = (Pair **)calloc(capacity, sizeof(Pair *));
      |      ^~
hashmap.c:97:6: error: invalid use of incomplete typedef ‘HashMap’ {aka ‘struct HashMap’}
   97 |   map->size = 0;
      |      ^~
hashmap.c:98:6: error: invalid use of incomplete typedef ‘HashMap’ {aka ‘struct HashMap’}
   98 |   map->capacity = capacity;
      |      ^~
hashmap.c:99:6: error: invalid use of incomplete typedef ‘HashMap’ {aka ‘struct HashMap’}
   99 |   map->current = -1;
      |      ^~
hashmap.c: In function ‘eraseMap’:
hashmap.c:106:12: error: invalid use of incomplete typedef ‘HashMap’ {aka ‘struct HashMap’}
  106 |         map->size--;
      |            ^~
hashmap.c: In function ‘searchMap’:
hashmap.c:111:31: error: invalid use of incomplete typedef ‘HashMap’ {aka ‘struct HashMap’}
  111 |     long index = hash(key, map->capacity);
      |                               ^~
hashmap.c:113:15: error: invalid use of incomplete typedef ‘HashMap’ {aka ‘struct HashMap’}
  113 |     while (map->buckets[index] != NULL && !is_equal(map->buckets[index]->key, key)) {
      |               ^~
hashmap.c:113:56: error: invalid use of incomplete typedef ‘HashMap’ {aka ‘struct HashMap’}
  113 |     while (map->buckets[index] != NULL && !is_equal(map->buckets[index]->key, key)) {
      |                                                        ^~
hashmap.c:114:34: error: invalid use of incomplete typedef ‘HashMap’ {aka ‘struct HashMap’}
  114 |         index = (index + 1) % map->capacity;
      |                                  ^~
hashmap.c:117:12: error: invalid use of incomplete typedef ‘HashMap’ {aka ‘struct HashMap’}
  117 |     if (map->buckets[index] != NULL && is_equal(map->buckets[index]->key, key)) {
      |            ^~
hashmap.c:117:52: error: invalid use of incomplete typedef ‘HashMap’ {aka ‘struct HashMap’}
  117 |     if (map->buckets[index] != NULL && is_equal(map->buckets[index]->key, key)) {
      |                                                    ^~
hashmap.c:118:12: error: invalid use of incomplete typedef ‘HashMap’ {aka ‘struct HashMap’}
  118 |         map->current = index;
      |            ^~
hashmap.c:119:19: error: invalid use of incomplete typedef ‘HashMap’ {aka ‘struct HashMap’}
  119 |         return map->buckets[index];
      |                   ^~
hashmap.c: In function ‘firstMap’:
hashmap.c:124:8: error: invalid use of incomplete typedef ‘HashMap’ {aka ‘struct HashMap’}
  124 |     map->current = -1;
      |        ^~
hashmap.c:125:28: error: invalid use of incomplete typedef ‘HashMap’ {aka ‘struct HashMap’}
  125 |     for (int i = 0; i < map->capacity; i++) {
      |                            ^~
hashmap.c:126:16: error: invalid use of incomplete typedef ‘HashMap’ {aka ‘struct HashMap’}
  126 |         if (map->buckets[i] != NULL && map->buckets[i]->key != NULL) {
      |                ^~
hashmap.c:126:43: error: invalid use of incomplete typedef ‘HashMap’ {aka ‘struct HashMap’}
  126 |         if (map->buckets[i] != NULL && map->buckets[i]->key != NULL) {
      |                                           ^~
hashmap.c:127:16: error: invalid use of incomplete typedef ‘HashMap’ {aka ‘struct HashMap’}
  127 |             map->current = i;
      |                ^~
hashmap.c:128:23: error: invalid use of incomplete typedef ‘HashMap’ {aka ‘struct HashMap’}
  128 |             return map->buckets[i];
      |                       ^~
hashmap.c: In function ‘nextMap’:
hashmap.c:136:12: error: invalid use of incomplete typedef ‘HashMap’ {aka ‘struct HashMap’}
  136 |     if (map->current >= 0 && map->current < map->capacity) {
      |            ^~
hashmap.c:136:33: error: invalid use of incomplete typedef ‘HashMap’ {aka ‘struct HashMap’}
  136 |     if (map->current >= 0 && map->current < map->capacity) {
      |                                 ^~
hashmap.c:136:48: error: invalid use of incomplete typedef ‘HashMap’ {aka ‘struct HashMap’}
  136 |     if (map->current >= 0 && map->current < map->capacity) {
      |                                                ^~
hashmap.c:137:25: error: invalid use of incomplete typedef ‘HashMap’ {aka ‘struct HashMap’}
  137 |         for (int i = map->current + 1; i < map->capacity; i++) {
      |                         ^~
hashmap.c:137:47: error: invalid use of incomplete typedef ‘HashMap’ {aka ‘struct HashMap’}
  137 |         for (int i = map->current + 1; i < map->capacity; i++) {
      |                                               ^~
hashmap.c:138:20: error: invalid use of incomplete typedef ‘HashMap’ {aka ‘struct HashMap’}
  138 |             if (map->buckets[i] != NULL && map->buckets[i]->key != NULL) {
      |                    ^~
hashmap.c:138:47: error: invalid use of incomplete typedef ‘HashMap’ {aka ‘struct HashMap’}
  138 |             if (map->buckets[i] != NULL && map->buckets[i]->key != NULL) {
      |                                               ^~
hashmap.c:139:20: error: invalid use of incomplete typedef ‘HashMap’ {aka ‘struct HashMap’}
  139 |                 map->current = i;
      |                    ^~
hashmap.c:140:27: error: invalid use of incomplete typedef ‘HashMap’ {aka ‘struct HashMap’}
  140 |                 return map->buckets[i];
      |                           ^~
test.c: In function ‘initializeMap’:
test.c:43:46: error: invalid application of ‘sizeof’ to incomplete type ‘HashMap’ {aka ‘struct HashMap’}
   43 |     HashMap * map = (HashMap *)malloc(sizeof(HashMap));
      |                                              ^~~~~~~
test.c:44:8: error: invalid use of incomplete typedef ‘HashMap’ {aka ‘struct HashMap’}
   44 |     map->buckets = (Pair **) calloc (10,sizeof(Pair *));
      |        ^~
test.c:45:8: error: invalid use of incomplete typedef ‘HashMap’ {aka ‘struct HashMap’}
   45 |     map->capacity = 10;
      |        ^~
test.c:52:12: error: invalid use of incomplete typedef ‘HashMap’ {aka ‘struct HashMap’}
   52 |         map->buckets[hashs[i]] =
      |            ^~
test.c:56:8: error: invalid use of incomplete typedef ‘HashMap’ {aka ‘struct HashMap’}
   56 |     map->size=6;
      |        ^~
test.c:48:9: error: variable ‘hashs’ set but not used [-Werror=unused-but-set-variable]
   48 |     int hashs[6]={8,7,6,0,4,2}; //using function in hashmap.c
      |         ^~~~~
test.c: In function ‘createMap_test2’:
test.c:79:13: error: invalid use of incomplete typedef ‘HashMap’ {aka ‘struct HashMap’}
   79 |       if(map->buckets[i]!=NULL) {err_msg("bucket no nulo"); return 0;}
      |             ^~
test.c: In function ‘createMap_test3’:
test.c:85:11: error: invalid use of incomplete typedef ‘HashMap’ {aka ‘struct HashMap’}
   85 |     if(map->size !=0 || map->capacity!=10 || map->current!=-1){
      |           ^~
test.c:85:28: error: invalid use of incomplete typedef ‘HashMap’ {aka ‘struct HashMap’}
   85 |     if(map->size !=0 || map->capacity!=10 || map->current!=-1){
      |                            ^~
test.c:85:49: error: invalid use of incomplete typedef ‘HashMap’ {aka ‘struct HashMap’}
   85 |     if(map->size !=0 || map->capacity!=10 || map->current!=-1){
      |                                                 ^~
test.c:91:11: error: invalid use of incomplete typedef ‘HashMap’ {aka ‘struct HashMap’}
   91 |     if(map->size !=0 || map->capacity!=5 || map->current!=-1){
      |           ^~
test.c:91:28: error: invalid use of incomplete typedef ‘HashMap’ {aka ‘struct HashMap’}
   91 |     if(map->size !=0 || map->capacity!=5 || map->current!=-1){
      |                            ^~
test.c:91:48: error: invalid use of incomplete typedef ‘HashMap’ {aka ‘struct HashMap’}
   91 |     if(map->size !=0 || map->capacity!=5 || map->current!=-1){
      |                                                ^~
test.c: In function ‘insert_test1’:
test.c:143:11: error: invalid use of incomplete typedef ‘HashMap’ {aka ‘struct HashMap’}
  143 |     if(map->buckets[3] == NULL){
      |           ^~
test.c:148:20: error: invalid use of incomplete typedef ‘HashMap’ {aka ‘struct HashMap’}
  148 |     if( strcmp (map->buckets[3]->key, ":key")!=0 ||
      |                    ^~
test.c:149:25: error: invalid use of incomplete typedef ‘HashMap’ {aka ‘struct HashMap’}
  149 |              strcmp (map->buckets[3]->value, "value")!=0 ){
      |                         ^~
test.c:154:11: error: invalid use of incomplete typedef ‘HashMap’ {aka ‘struct HashMap’}
  154 |     if(map->size != 7){
      |           ^~
test.c: In function ‘insert_test2’:
test.c:172:11: error: invalid use of incomplete typedef ‘HashMap’ {aka ‘struct HashMap’}
  172 |     if(map->buckets[1] != NULL){
      |           ^~
test.c: In function ‘insert_test3’:
test.c:183:11: error: invalid use of incomplete typedef ‘HashMap’ {aka ‘struct HashMap’}
  183 |     if(map->buckets[9]==NULL || !is_equal(map->buckets[9]->value,"value") ){
      |           ^~
test.c:183:46: error: invalid use of incomplete typedef ‘HashMap’ {aka ‘struct HashMap’}
  183 |     if(map->buckets[9]==NULL || !is_equal(map->buckets[9]->value,"value") ){
      |                                              ^~
test.c: In function ‘insert_test4’:
test.c:196:11: error: invalid use of incomplete typedef ‘HashMap’ {aka ‘struct HashMap’}
  196 |     if(map->buckets[9]==NULL || !is_equal(map->buckets[9]->value,"value") ){
      |           ^~
test.c:196:46: error: invalid use of incomplete typedef ‘HashMap’ {aka ‘struct HashMap’}
  196 |     if(map->buckets[9]==NULL || !is_equal(map->buckets[9]->value,"value") ){
      |                                              ^~
test.c:203:8: error: invalid use of incomplete typedef ‘HashMap’ {aka ‘struct HashMap’}
  203 |     map->size=6;
      |        ^~
test.c:206:11: error: invalid use of incomplete typedef ‘HashMap’ {aka ‘struct HashMap’}
  206 |     if(map->buckets[1]==NULL || !is_equal(map->buckets[1]->value,"value") ){
      |           ^~
test.c:206:46: error: invalid use of incomplete typedef ‘HashMap’ {aka ‘struct HashMap’}
  206 |     if(map->buckets[1]==NULL || !is_equal(map->buckets[1]->value,"value") ){
      |                                              ^~
test.c: In function ‘insert_test5’:
test.c:219:8: error: invalid use of incomplete typedef ‘HashMap’ {aka ‘struct HashMap’}
  219 |     map->size = 7; //se fuerza size=7
      |        ^~
test.c: In function ‘search_test1’:
test.c:242:18: error: invalid use of incomplete typedef ‘HashMap’ {aka ‘struct HashMap’}
  242 |     if(ret != map->buckets[7]) {
      |                  ^~
test.c:248:11: error: invalid use of incomplete typedef ‘HashMap’ {aka ‘struct HashMap’}
  248 |     if(map->current!=7){
      |           ^~
test.c: In function ‘search_test2’:
test.c:259:8: error: invalid use of incomplete typedef ‘HashMap’ {aka ‘struct HashMap’}
  259 |     map->buckets[9]=createPair(_strdup("key"),_strdup("value"));
      |        ^~
test.c:268:18: error: invalid use of incomplete typedef ‘HashMap’ {aka ‘struct HashMap’}
  268 |     if(ret != map->buckets[9]) {
      |                  ^~
test.c: In function ‘search_test3’:
test.c:280:70: error: invalid use of incomplete typedef ‘HashMap’ {aka ‘struct HashMap’}
  280 |         sprintf(msg,"searchMap retorna un elemento con clave %s", map->buckets[map->current]->key);
      |                                                                      ^~
test.c:280:83: error: invalid use of incomplete typedef ‘HashMap’ {aka ‘struct HashMap’}
  280 |         sprintf(msg,"searchMap retorna un elemento con clave %s", map->buckets[map->current]->key);
      |                                                                                   ^~
test.c: In function ‘erase_test1’:
test.c:294:11: error: invalid use of incomplete typedef ‘HashMap’ {aka ‘struct HashMap’}
  294 |     if(map->buckets[0]==NULL){
      |           ^~
test.c:299:11: error: invalid use of incomplete typedef ‘HashMap’ {aka ‘struct HashMap’}
  299 |     if(map->buckets[0]->key !=NULL) {
      |           ^~
test.c:304:11: error: invalid use of incomplete typedef ‘HashMap’ {aka ‘struct HashMap’}
  304 |     if(map->size != 5){
      |           ^~
test.c: In function ‘erase_test2’:
test.c:317:8: error: invalid use of incomplete typedef ‘HashMap’ {aka ‘struct HashMap’}
  317 |     map->buckets[9]=createPair(_strdup("key"),_strdup("value"));
      |        ^~
test.c:322:11: error: invalid use of incomplete typedef ‘HashMap’ {aka ‘struct HashMap’}
  322 |     if(map->buckets[9]->key!=NULL){
      |           ^~
test.c: In function ‘erase_test3’:
test.c:335:11: error: invalid use of incomplete typedef ‘HashMap’ {aka ‘struct HashMap’}
  335 |     if(map->buckets[2]->key==NULL){
      |           ^~
test.c: In function ‘first_test’:
test.c:355:18: error: invalid use of incomplete typedef ‘HashMap’ {aka ‘struct HashMap’}
  355 |     if(aux != map->buckets[0]){
      |                  ^~
test.c:360:11: error: invalid use of incomplete typedef ‘HashMap’ {aka ‘struct HashMap’}
  360 |     if(map->current != 0){
      |           ^~
test.c:368:8: error: invalid use of incomplete typedef ‘HashMap’ {aka ‘struct HashMap’}
  368 |     map->buckets[0]->key=NULL;
      |        ^~
test.c:373:18: error: invalid use of incomplete typedef ‘HashMap’ {aka ‘struct HashMap’}
  373 |     if(aux != map->buckets[2]){
      |                  ^~
test.c:378:11: error: invalid use of incomplete typedef ‘HashMap’ {aka ‘struct HashMap’}
  378 |     if(map->current != 2){
      |           ^~
test.c: In function ‘next_test’:
test.c:393:8: error: invalid use of incomplete typedef ‘HashMap’ {aka ‘struct HashMap’}
  393 |     map->current=0;
      |        ^~
test.c:394:25: error: invalid use of incomplete typedef ‘HashMap’ {aka ‘struct HashMap’}
  394 |     if(nextMap(map)!=map->buckets[2]){
      |                         ^~
test.c:400:11: error: invalid use of incomplete typedef ‘HashMap’ {aka ‘struct HashMap’}
  400 |     if(map->current!=2){
      |           ^~
test.c:406:8: error: invalid use of incomplete typedef ‘HashMap’ {aka ‘struct HashMap’}
  406 |     map->current=7;
      |        ^~
test.c:407:25: error: invalid use of incomplete typedef ‘HashMap’ {aka ‘struct HashMap’}
  407 |     if(nextMap(map)!=map->buckets[8]){
      |                         ^~
test.c: In function ‘enlarge_test’:
test.c:429:23: error: invalid use of incomplete typedef ‘HashMap’ {aka ‘struct HashMap’}
  429 |     void* value3 = map->buckets[0]->value;
      |                       ^~
test.c:430:23: error: invalid use of incomplete typedef ‘HashMap’ {aka ‘struct HashMap’}
  430 |     void* value5 = map->buckets[2]->value;
      |                       ^~
test.c:431:23: error: invalid use of incomplete typedef ‘HashMap’ {aka ‘struct HashMap’}
  431 |     void* value4 = map->buckets[4]->value;
      |                       ^~
test.c:435:11: error: invalid use of incomplete typedef ‘HashMap’ {aka ‘struct HashMap’}
  435 |     if(map->buckets[0]->value!=value3 || map->buckets[2]!=NULL || map->buckets[12]->value != value5 || map->buckets[4]->value!=value4){
      |           ^~
test.c:435:45: error: invalid use of incomplete typedef ‘HashMap’ {aka ‘struct HashMap’}
  435 |     if(map->buckets[0]->value!=value3 || map->buckets[2]!=NULL || map->buckets[12]->value != value5 || map->buckets[4]->value!=value4){
      |                                             ^~
test.c:435:70: error: invalid use of incomplete typedef ‘HashMap’ {aka ‘struct HashMap’}
  435 |     if(map->buckets[0]->value!=value3 || map->buckets[2]!=NULL || map->buckets[12]->value != value5 || map->buckets[4]->value!=value4){
      |                                                                      ^~
test.c:435:107: error: invalid use of incomplete typedef ‘HashMap’ {aka ‘struct HashMap’}
  435 |     if(map->buckets[0]->value!=value3 || map->buckets[2]!=NULL || map->buckets[12]->value != value5 || map->buckets[4]->value!=value4){
      |                                                                                                           ^~
test.c:437:22: error: invalid use of incomplete typedef ‘HashMap’ {aka ‘struct HashMap’}
  437 |         for(i=0;i<map->capacity;i++){
      |                      ^~
test.c:438:19: error: invalid use of incomplete typedef ‘HashMap’ {aka ‘struct HashMap’}
  438 |             if(map->buckets[i]==NULL) sprintf(msg,"%.100s(null)  ",msg);
      |                   ^~
test.c:439:59: error: invalid use of incomplete typedef ‘HashMap’ {aka ‘struct HashMap’}
  439 |             else sprintf(msg,"%.100s%s  ", msg, (char*)map->buckets[i]->value);
      |                                                           ^~
cc1: all warnings being treated as errors
Compilation failed
0c87291
Fri 08 Sep 2023 02:27:45 AM UTC: 
 hashmap.c | 2 +-
 1 file changed, 1 insertion(+), 1 deletion(-)
In file included from test.c:4:
hashmap.c:11:10: error: expected ‘=’, ‘,’, ‘;’, ‘asm’ or ‘__attribute__’ before ‘*’ token
   11 |     Pair ** buckets;
      |          ^
hashmap.c:15:1: error: expected identifier or ‘(’ before ‘}’ token
   15 | };
      | ^
hashmap.c: In function ‘insertMap’:
hashmap.c:43:31: error: ‘HashMap’ {aka ‘struct HashMap’} has no member named ‘capacity’
   43 |     long index = hash(key, map->capacity);
      |                               ^~
hashmap.c:46:22: error: implicit declaration of function ‘hash2’; did you mean ‘hash’? [-Werror=implicit-function-declaration]
   46 |     long increment = hash2(key, map->capacity);
      |                      ^~~~~
      |                      hash
hashmap.c:46:36: error: ‘HashMap’ {aka ‘struct HashMap’} has no member named ‘capacity’
   46 |     long increment = hash2(key, map->capacity);
      |                                    ^~
hashmap.c:49:12: error: ‘HashMap’ {aka ‘struct HashMap’} has no member named ‘buckets’
   49 |     if (map->buckets[index] == NULL) {
      |            ^~
hashmap.c:50:12: error: ‘HashMap’ {aka ‘struct HashMap’} has no member named ‘buckets’
   50 |         map->buckets[index] = new_pair;
      |            ^~
hashmap.c:51:12: error: ‘HashMap’ {aka ‘struct HashMap’} has no member named ‘size’
   51 |         map->size++;
      |            ^~
hashmap.c:54:19: error: ‘HashMap’ {aka ‘struct HashMap’} has no member named ‘buckets’
   54 |         while (map->buckets[index] != NULL) {
      |                   ^~
hashmap.c:56:29: error: ‘HashMap’ {aka ‘struct HashMap’} has no member named ‘buckets’
   56 |             if (is_equal(map->buckets[index]->key, key)) {
      |                             ^~
hashmap.c:59:46: error: ‘HashMap’ {aka ‘struct HashMap’} has no member named ‘capacity’
   59 |             index = (index + increment) % map->capacity;
      |                                              ^~
hashmap.c:61:12: error: ‘HashMap’ {aka ‘struct HashMap’} has no member named ‘buckets’
   61 |         map->buckets[index] = new_pair;
      |            ^~
hashmap.c:62:12: error: ‘HashMap’ {aka ‘struct HashMap’} has no member named ‘size’
   62 |         map->size++;
      |            ^~
hashmap.c:64:8: error: ‘HashMap’ {aka ‘struct HashMap’} has no member named ‘current’
   64 |     map->current = index;
      |        ^~
hashmap.c: In function ‘enlarge’:
hashmap.c:71:29: error: ‘HashMap’ {aka ‘struct HashMap’} has no member named ‘buckets’
   71 |     Pair **old_buckets = map->buckets;
      |                             ^~
hashmap.c:74:8: error: ‘HashMap’ {aka ‘struct HashMap’} has no member named ‘capacity’
   74 |     map->capacity *= 2;
      |        ^~
hashmap.c:77:8: error: ‘HashMap’ {aka ‘struct HashMap’} has no member named ‘buckets’
   77 |     map->buckets = (Pair **)calloc(map->capacity, sizeof(Pair *));
      |        ^~
hashmap.c:77:39: error: ‘HashMap’ {aka ‘struct HashMap’} has no member named ‘capacity’
   77 |     map->buckets = (Pair **)calloc(map->capacity, sizeof(Pair *));
      |                                       ^~
hashmap.c:80:8: error: ‘HashMap’ {aka ‘struct HashMap’} has no member named ‘size’
   80 |     map->size = 0;
      |        ^~
hashmap.c:83:28: error: ‘HashMap’ {aka ‘struct HashMap’} has no member named ‘capacity’
   83 |     for (int i = 0; i < map->capacity / 2; i++) {
      |                            ^~
hashmap.c: In function ‘createMap’:
hashmap.c:96:6: error: ‘HashMap’ {aka ‘struct HashMap’} has no member named ‘buckets’
   96 |   map->buckets = (Pair **)calloc(capacity, sizeof(Pair *));
      |      ^~
hashmap.c:97:6: error: ‘HashMap’ {aka ‘struct HashMap’} has no member named ‘size’
   97 |   map->size = 0;
      |      ^~
hashmap.c:98:6: error: ‘HashMap’ {aka ‘struct HashMap’} has no member named ‘capacity’
   98 |   map->capacity = capacity;
      |      ^~
hashmap.c:99:6: error: ‘HashMap’ {aka ‘struct HashMap’} has no member named ‘current’
   99 |   map->current = -1;
      |      ^~
hashmap.c: In function ‘eraseMap’:
hashmap.c:106:12: error: ‘HashMap’ {aka ‘struct HashMap’} has no member named ‘size’
  106 |         map->size--;
      |            ^~
hashmap.c: In function ‘searchMap’:
hashmap.c:111:31: error: ‘HashMap’ {aka ‘struct HashMap’} has no member named ‘capacity’
  111 |     long index = hash(key, map->capacity);
      |                               ^~
hashmap.c:113:15: error: ‘HashMap’ {aka ‘struct HashMap’} has no member named ‘buckets’
  113 |     while (map->buckets[index] != NULL && !is_equal(map->buckets[index]->key, key)) {
      |               ^~
hashmap.c:113:56: error: ‘HashMap’ {aka ‘struct HashMap’} has no member named ‘buckets’
  113 |     while (map->buckets[index] != NULL && !is_equal(map->buckets[index]->key, key)) {
      |                                                        ^~
hashmap.c:114:34: error: ‘HashMap’ {aka ‘struct HashMap’} has no member named ‘capacity’
  114 |         index = (index + 1) % map->capacity;
      |                                  ^~
hashmap.c:117:12: error: ‘HashMap’ {aka ‘struct HashMap’} has no member named ‘buckets’
  117 |     if (map->buckets[index] != NULL && is_equal(map->buckets[index]->key, key)) {
      |            ^~
hashmap.c:117:52: error: ‘HashMap’ {aka ‘struct HashMap’} has no member named ‘buckets’
  117 |     if (map->buckets[index] != NULL && is_equal(map->buckets[index]->key, key)) {
      |                                                    ^~
hashmap.c:118:12: error: ‘HashMap’ {aka ‘struct HashMap’} has no member named ‘current’
  118 |         map->current = index;
      |            ^~
hashmap.c:119:19: error: ‘HashMap’ {aka ‘struct HashMap’} has no member named ‘buckets’
  119 |         return map->buckets[index];
      |                   ^~
hashmap.c: In function ‘firstMap’:
hashmap.c:124:8: error: ‘HashMap’ {aka ‘struct HashMap’} has no member named ‘current’
  124 |     map->current = -1;
      |        ^~
hashmap.c:125:28: error: ‘HashMap’ {aka ‘struct HashMap’} has no member named ‘capacity’
  125 |     for (int i = 0; i < map->capacity; i++) {
      |                            ^~
hashmap.c:126:16: error: ‘HashMap’ {aka ‘struct HashMap’} has no member named ‘buckets’
  126 |         if (map->buckets[i] != NULL && map->buckets[i]->key != NULL) {
      |                ^~
hashmap.c:126:43: error: ‘HashMap’ {aka ‘struct HashMap’} has no member named ‘buckets’
  126 |         if (map->buckets[i] != NULL && map->buckets[i]->key != NULL) {
      |                                           ^~
hashmap.c:127:16: error: ‘HashMap’ {aka ‘struct HashMap’} has no member named ‘current’
  127 |             map->current = i;
      |                ^~
hashmap.c:128:23: error: ‘HashMap’ {aka ‘struct HashMap’} has no member named ‘buckets’
  128 |             return map->buckets[i];
      |                       ^~
hashmap.c: In function ‘nextMap’:
hashmap.c:136:12: error: ‘HashMap’ {aka ‘struct HashMap’} has no member named ‘current’
  136 |     if (map->current >= 0 && map->current < map->capacity) {
      |            ^~
hashmap.c:136:33: error: ‘HashMap’ {aka ‘struct HashMap’} has no member named ‘current’
  136 |     if (map->current >= 0 && map->current < map->capacity) {
      |                                 ^~
hashmap.c:136:48: error: ‘HashMap’ {aka ‘struct HashMap’} has no member named ‘capacity’
  136 |     if (map->current >= 0 && map->current < map->capacity) {
      |                                                ^~
hashmap.c:137:25: error: ‘HashMap’ {aka ‘struct HashMap’} has no member named ‘current’
  137 |         for (int i = map->current + 1; i < map->capacity; i++) {
      |                         ^~
hashmap.c:137:47: error: ‘HashMap’ {aka ‘struct HashMap’} has no member named ‘capacity’
  137 |         for (int i = map->current + 1; i < map->capacity; i++) {
      |                                               ^~
hashmap.c:138:20: error: ‘HashMap’ {aka ‘struct HashMap’} has no member named ‘buckets’
  138 |             if (map->buckets[i] != NULL && map->buckets[i]->key != NULL) {
      |                    ^~
hashmap.c:138:47: error: ‘HashMap’ {aka ‘struct HashMap’} has no member named ‘buckets’
  138 |             if (map->buckets[i] != NULL && map->buckets[i]->key != NULL) {
      |                                               ^~
hashmap.c:139:20: error: ‘HashMap’ {aka ‘struct HashMap’} has no member named ‘current’
  139 |                 map->current = i;
      |                    ^~
hashmap.c:140:27: error: ‘HashMap’ {aka ‘struct HashMap’} has no member named ‘buckets’
  140 |                 return map->buckets[i];
      |                           ^~
test.c: In function ‘initializeMap’:
test.c:44:8: error: ‘HashMap’ {aka ‘struct HashMap’} has no member named ‘buckets’
   44 |     map->buckets = (Pair **) calloc (10,sizeof(Pair *));
      |        ^~
test.c:45:8: error: ‘HashMap’ {aka ‘struct HashMap’} has no member named ‘capacity’
   45 |     map->capacity = 10;
      |        ^~
test.c:52:12: error: ‘HashMap’ {aka ‘struct HashMap’} has no member named ‘buckets’
   52 |         map->buckets[hashs[i]] =
      |            ^~
test.c:56:8: error: ‘HashMap’ {aka ‘struct HashMap’} has no member named ‘size’
   56 |     map->size=6;
      |        ^~
test.c:48:9: error: variable ‘hashs’ set but not used [-Werror=unused-but-set-variable]
   48 |     int hashs[6]={8,7,6,0,4,2}; //using function in hashmap.c
      |         ^~~~~
test.c: In function ‘createMap_test2’:
test.c:79:13: error: ‘HashMap’ {aka ‘struct HashMap’} has no member named ‘buckets’
   79 |       if(map->buckets[i]!=NULL) {err_msg("bucket no nulo"); return 0;}
      |             ^~
test.c: In function ‘createMap_test3’:
test.c:85:11: error: ‘HashMap’ {aka ‘struct HashMap’} has no member named ‘size’
   85 |     if(map->size !=0 || map->capacity!=10 || map->current!=-1){
      |           ^~
test.c:85:28: error: ‘HashMap’ {aka ‘struct HashMap’} has no member named ‘capacity’
   85 |     if(map->size !=0 || map->capacity!=10 || map->current!=-1){
      |                            ^~
test.c:85:49: error: ‘HashMap’ {aka ‘struct HashMap’} has no member named ‘current’
   85 |     if(map->size !=0 || map->capacity!=10 || map->current!=-1){
      |                                                 ^~
test.c:91:11: error: ‘HashMap’ {aka ‘struct HashMap’} has no member named ‘size’
   91 |     if(map->size !=0 || map->capacity!=5 || map->current!=-1){
      |           ^~
test.c:91:28: error: ‘HashMap’ {aka ‘struct HashMap’} has no member named ‘capacity’
   91 |     if(map->size !=0 || map->capacity!=5 || map->current!=-1){
      |                            ^~
test.c:91:48: error: ‘HashMap’ {aka ‘struct HashMap’} has no member named ‘current’
   91 |     if(map->size !=0 || map->capacity!=5 || map->current!=-1){
      |                                                ^~
test.c: In function ‘insert_test1’:
test.c:143:11: error: ‘HashMap’ {aka ‘struct HashMap’} has no member named ‘buckets’
  143 |     if(map->buckets[3] == NULL){
      |           ^~
test.c:148:20: error: ‘HashMap’ {aka ‘struct HashMap’} has no member named ‘buckets’
  148 |     if( strcmp (map->buckets[3]->key, ":key")!=0 ||
      |                    ^~
test.c:149:25: error: ‘HashMap’ {aka ‘struct HashMap’} has no member named ‘buckets’
  149 |              strcmp (map->buckets[3]->value, "value")!=0 ){
      |                         ^~
test.c:154:11: error: ‘HashMap’ {aka ‘struct HashMap’} has no member named ‘size’
  154 |     if(map->size != 7){
      |           ^~
test.c: In function ‘insert_test2’:
test.c:172:11: error: ‘HashMap’ {aka ‘struct HashMap’} has no member named ‘buckets’
  172 |     if(map->buckets[1] != NULL){
      |           ^~
test.c: In function ‘insert_test3’:
test.c:183:11: error: ‘HashMap’ {aka ‘struct HashMap’} has no member named ‘buckets’
  183 |     if(map->buckets[9]==NULL || !is_equal(map->buckets[9]->value,"value") ){
      |           ^~
test.c:183:46: error: ‘HashMap’ {aka ‘struct HashMap’} has no member named ‘buckets’
  183 |     if(map->buckets[9]==NULL || !is_equal(map->buckets[9]->value,"value") ){
      |                                              ^~
test.c: In function ‘insert_test4’:
test.c:196:11: error: ‘HashMap’ {aka ‘struct HashMap’} has no member named ‘buckets’
  196 |     if(map->buckets[9]==NULL || !is_equal(map->buckets[9]->value,"value") ){
      |           ^~
test.c:196:46: error: ‘HashMap’ {aka ‘struct HashMap’} has no member named ‘buckets’
  196 |     if(map->buckets[9]==NULL || !is_equal(map->buckets[9]->value,"value") ){
      |                                              ^~
test.c:203:8: error: ‘HashMap’ {aka ‘struct HashMap’} has no member named ‘size’
  203 |     map->size=6;
      |        ^~
test.c:206:11: error: ‘HashMap’ {aka ‘struct HashMap’} has no member named ‘buckets’
  206 |     if(map->buckets[1]==NULL || !is_equal(map->buckets[1]->value,"value") ){
      |           ^~
test.c:206:46: error: ‘HashMap’ {aka ‘struct HashMap’} has no member named ‘buckets’
  206 |     if(map->buckets[1]==NULL || !is_equal(map->buckets[1]->value,"value") ){
      |                                              ^~
test.c: In function ‘insert_test5’:
test.c:219:8: error: ‘HashMap’ {aka ‘struct HashMap’} has no member named ‘size’
  219 |     map->size = 7; //se fuerza size=7
      |        ^~
test.c: In function ‘search_test1’:
test.c:242:18: error: ‘HashMap’ {aka ‘struct HashMap’} has no member named ‘buckets’
  242 |     if(ret != map->buckets[7]) {
      |                  ^~
test.c:248:11: error: ‘HashMap’ {aka ‘struct HashMap’} has no member named ‘current’
  248 |     if(map->current!=7){
      |           ^~
test.c: In function ‘search_test2’:
test.c:259:8: error: ‘HashMap’ {aka ‘struct HashMap’} has no member named ‘buckets’
  259 |     map->buckets[9]=createPair(_strdup("key"),_strdup("value"));
      |        ^~
test.c:268:18: error: ‘HashMap’ {aka ‘struct HashMap’} has no member named ‘buckets’
  268 |     if(ret != map->buckets[9]) {
      |                  ^~
test.c: In function ‘search_test3’:
test.c:280:70: error: ‘HashMap’ {aka ‘struct HashMap’} has no member named ‘buckets’
  280 |         sprintf(msg,"searchMap retorna un elemento con clave %s", map->buckets[map->current]->key);
      |                                                                      ^~
test.c:280:83: error: ‘HashMap’ {aka ‘struct HashMap’} has no member named ‘current’
  280 |         sprintf(msg,"searchMap retorna un elemento con clave %s", map->buckets[map->current]->key);
      |                                                                                   ^~
test.c: In function ‘erase_test1’:
test.c:294:11: error: ‘HashMap’ {aka ‘struct HashMap’} has no member named ‘buckets’
  294 |     if(map->buckets[0]==NULL){
      |           ^~
test.c:299:11: error: ‘HashMap’ {aka ‘struct HashMap’} has no member named ‘buckets’
  299 |     if(map->buckets[0]->key !=NULL) {
      |           ^~
test.c:304:11: error: ‘HashMap’ {aka ‘struct HashMap’} has no member named ‘size’
  304 |     if(map->size != 5){
      |           ^~
test.c: In function ‘erase_test2’:
test.c:317:8: error: ‘HashMap’ {aka ‘struct HashMap’} has no member named ‘buckets’
  317 |     map->buckets[9]=createPair(_strdup("key"),_strdup("value"));
      |        ^~
test.c:322:11: error: ‘HashMap’ {aka ‘struct HashMap’} has no member named ‘buckets’
  322 |     if(map->buckets[9]->key!=NULL){
      |           ^~
test.c: In function ‘erase_test3’:
test.c:335:11: error: ‘HashMap’ {aka ‘struct HashMap’} has no member named ‘buckets’
  335 |     if(map->buckets[2]->key==NULL){
      |           ^~
test.c: In function ‘first_test’:
test.c:355:18: error: ‘HashMap’ {aka ‘struct HashMap’} has no member named ‘buckets’
  355 |     if(aux != map->buckets[0]){
      |                  ^~
test.c:360:11: error: ‘HashMap’ {aka ‘struct HashMap’} has no member named ‘current’
  360 |     if(map->current != 0){
      |           ^~
test.c:368:8: error: ‘HashMap’ {aka ‘struct HashMap’} has no member named ‘buckets’
  368 |     map->buckets[0]->key=NULL;
      |        ^~
test.c:373:18: error: ‘HashMap’ {aka ‘struct HashMap’} has no member named ‘buckets’
  373 |     if(aux != map->buckets[2]){
      |                  ^~
test.c:378:11: error: ‘HashMap’ {aka ‘struct HashMap’} has no member named ‘current’
  378 |     if(map->current != 2){
      |           ^~
test.c: In function ‘next_test’:
test.c:393:8: error: ‘HashMap’ {aka ‘struct HashMap’} has no member named ‘current’
  393 |     map->current=0;
      |        ^~
test.c:394:25: error: ‘HashMap’ {aka ‘struct HashMap’} has no member named ‘buckets’
  394 |     if(nextMap(map)!=map->buckets[2]){
      |                         ^~
test.c:400:11: error: ‘HashMap’ {aka ‘struct HashMap’} has no member named ‘current’
  400 |     if(map->current!=2){
      |           ^~
test.c:406:8: error: ‘HashMap’ {aka ‘struct HashMap’} has no member named ‘current’
  406 |     map->current=7;
      |        ^~
test.c:407:25: error: ‘HashMap’ {aka ‘struct HashMap’} has no member named ‘buckets’
  407 |     if(nextMap(map)!=map->buckets[8]){
      |                         ^~
test.c: In function ‘enlarge_test’:
test.c:429:23: error: ‘HashMap’ {aka ‘struct HashMap’} has no member named ‘buckets’
  429 |     void* value3 = map->buckets[0]->value;
      |                       ^~
test.c:430:23: error: ‘HashMap’ {aka ‘struct HashMap’} has no member named ‘buckets’
  430 |     void* value5 = map->buckets[2]->value;
      |                       ^~
test.c:431:23: error: ‘HashMap’ {aka ‘struct HashMap’} has no member named ‘buckets’
  431 |     void* value4 = map->buckets[4]->value;
      |                       ^~
test.c:435:11: error: ‘HashMap’ {aka ‘struct HashMap’} has no member named ‘buckets’
  435 |     if(map->buckets[0]->value!=value3 || map->buckets[2]!=NULL || map->buckets[12]->value != value5 || map->buckets[4]->value!=value4){
      |           ^~
test.c:435:45: error: ‘HashMap’ {aka ‘struct HashMap’} has no member named ‘buckets’
  435 |     if(map->buckets[0]->value!=value3 || map->buckets[2]!=NULL || map->buckets[12]->value != value5 || map->buckets[4]->value!=value4){
      |                                             ^~
test.c:435:70: error: ‘HashMap’ {aka ‘struct HashMap’} has no member named ‘buckets’
  435 |     if(map->buckets[0]->value!=value3 || map->buckets[2]!=NULL || map->buckets[12]->value != value5 || map->buckets[4]->value!=value4){
      |                                                                      ^~
test.c:435:107: error: ‘HashMap’ {aka ‘struct HashMap’} has no member named ‘buckets’
  435 |     if(map->buckets[0]->value!=value3 || map->buckets[2]!=NULL || map->buckets[12]->value != value5 || map->buckets[4]->value!=value4){
      |                                                                                                           ^~
test.c:437:22: error: ‘HashMap’ {aka ‘struct HashMap’} has no member named ‘capacity’
  437 |         for(i=0;i<map->capacity;i++){
      |                      ^~
test.c:438:19: error: ‘HashMap’ {aka ‘struct HashMap’} has no member named ‘buckets’
  438 |             if(map->buckets[i]==NULL) sprintf(msg,"%.100s(null)  ",msg);
      |                   ^~
test.c:439:59: error: ‘HashMap’ {aka ‘struct HashMap’} has no member named ‘buckets’
  439 |             else sprintf(msg,"%.100s%s  ", msg, (char*)map->buckets[i]->value);
      |                                                           ^~
cc1: all warnings being treated as errors
Compilation failed
7aae0cd
Fri 08 Sep 2023 02:27:52 AM UTC: 
 hashmap.c | 2 +-
 1 file changed, 1 insertion(+), 1 deletion(-)
In file included from test.c:4:
hashmap.c: In function ‘insertMap’:
hashmap.c:46:22: error: implicit declaration of function ‘hash2’; did you mean ‘hash’? [-Werror=implicit-function-declaration]
   46 |     long increment = hash2(key, map->capacity);
      |                      ^~~~~
      |                      hash
cc1: all warnings being treated as errors
Compilation failed
a99e636
Fri 08 Sep 2023 02:28:09 AM UTC: 
 hashmap.c | 2 +-
 1 file changed, 1 insertion(+), 1 deletion(-)
 tests:  14|1
total_score: 60/70
ebb344b
Fri 08 Sep 2023 02:28:37 AM UTC: 
 hashmap.c | 28 ----------------------------
 1 file changed, 28 deletions(-)
/nix/store/039g378vc3pc3dvi9dzdlrd0i4q93qwf-binutils-2.39/bin/ld: /tmp/ccyVkrBj.o: in function `enlarge':
test.c:(.text+0x114): undefined reference to `insertMap'
/nix/store/039g378vc3pc3dvi9dzdlrd0i4q93qwf-binutils-2.39/bin/ld: /tmp/ccyVkrBj.o: in function `insert_test1':
test.c:(.text+0x97b): undefined reference to `insertMap'
/nix/store/039g378vc3pc3dvi9dzdlrd0i4q93qwf-binutils-2.39/bin/ld: /tmp/ccyVkrBj.o: in function `insert_test2':
test.c:(.text+0xa92): undefined reference to `insertMap'
/nix/store/039g378vc3pc3dvi9dzdlrd0i4q93qwf-binutils-2.39/bin/ld: /tmp/ccyVkrBj.o: in function `insert_test3':
test.c:(.text+0xb02): undefined reference to `insertMap'
/nix/store/039g378vc3pc3dvi9dzdlrd0i4q93qwf-binutils-2.39/bin/ld: /tmp/ccyVkrBj.o: in function `insert_test4':
test.c:(.text+0xb98): undefined reference to `insertMap'
/nix/store/039g378vc3pc3dvi9dzdlrd0i4q93qwf-binutils-2.39/bin/ld: /tmp/ccyVkrBj.o:test.c:(.text+0xc28): more undefined references to `insertMap' follow
collect2: error: ld returned 1 exit status
Compilation failed
e281ecf
